
Welcome Saptarshi at Thu Nov  2 16:47:36 2017 
[1] "The output directory name is:"
[1] "/home/saptarshi/R/R-3.3.2/projects/repoTBN/asset/output20171102164737"
[1] ""
Loading required package: bitops
Loading required package: Matrix
Loading required package: igraph
Loading required package: methods

Attaching package: ‘igraph’

The following objects are masked from ‘package:stats’:

    decompose, spectrum

The following object is masked from ‘package:base’:

    union

Loading required package: iterators
Loading required package: parallel
bnstruct :: learning the structure using SM ...
bnstruct :: learning using SM completed.
bnstruct :: learning network parameters ... 
bnstruct :: parameter learning done.
bnstruct :: learning the structure using SM ...
bnstruct :: learning using SM completed.
bnstruct :: learning network parameters ... 
bnstruct :: parameter learning done.
bnstruct :: learning the structure using SM ...
bnstruct :: learning using SM completed.
bnstruct :: learning network parameters ... 
bnstruct :: parameter learning done.
bnstruct :: learning the structure using SM ...
bnstruct :: learning using SM completed.
bnstruct :: learning network parameters ... 
bnstruct :: parameter learning done.
bnstruct :: learning the structure using SM ...
bnstruct :: learning using SM completed.
bnstruct :: learning network parameters ... 
bnstruct :: parameter learning done.
bnstruct :: learning the structure using SM ...
bnstruct :: learning using SM completed.
bnstruct :: learning network parameters ... 
bnstruct :: parameter learning done.
bnstruct :: learning the structure using SM ...
bnstruct :: learning using SM completed.
bnstruct :: learning network parameters ... 
bnstruct :: parameter learning done.
bnstruct :: learning the structure using SM ...
bnstruct :: learning using SM completed.
bnstruct :: learning network parameters ... 
bnstruct :: parameter learning done.
bnstruct :: learning the structure using SM ...
bnstruct :: learning using SM completed.
bnstruct :: learning network parameters ... 
bnstruct :: parameter learning done.
bnstruct :: learning the structure using SM ...
bnstruct :: learning using SM completed.
bnstruct :: learning network parameters ... 
bnstruct :: parameter learning done.
bnstruct :: learning the structure using SM ...
bnstruct :: learning using SM completed.
bnstruct :: learning network parameters ... 
bnstruct :: parameter learning done.
bnstruct :: learning the structure using SM ...
bnstruct :: learning using SM completed.
bnstruct :: learning network parameters ... 
bnstruct :: parameter learning done.
bnstruct :: learning the structure using SM ...
bnstruct :: learning using SM completed.
bnstruct :: learning network parameters ... 
bnstruct :: parameter learning done.
bnstruct :: learning the structure using SM ...
bnstruct :: learning using SM completed.
bnstruct :: learning network parameters ... 
bnstruct :: parameter learning done.
bnstruct :: learning the structure using SM ...
bnstruct :: learning using SM completed.
bnstruct :: learning network parameters ... 
bnstruct :: parameter learning done.
bnstruct :: learning the structure using SM ...
bnstruct :: learning using SM completed.
bnstruct :: learning network parameters ... 
bnstruct :: parameter learning done.
bnstruct :: learning the structure using SM ...
bnstruct :: learning using SM completed.
bnstruct :: learning network parameters ... 
bnstruct :: parameter learning done.
bnstruct :: learning the structure using SM ...
bnstruct :: learning using SM completed.
bnstruct :: learning network parameters ... 
bnstruct :: parameter learning done.
bnstruct :: learning the structure using SM ...
bnstruct :: learning using SM completed.
bnstruct :: learning network parameters ... 
bnstruct :: parameter learning done.
bnstruct :: learning the structure using SM ...
bnstruct :: learning using SM completed.
bnstruct :: learning network parameters ... 
bnstruct :: parameter learning done.
bnstruct :: learning the structure using SM ...
bnstruct :: learning using SM completed.
bnstruct :: learning network parameters ... 
bnstruct :: parameter learning done.
bnstruct :: learning the structure using SM ...
bnstruct :: learning using SM completed.
bnstruct :: learning network parameters ... 
bnstruct :: parameter learning done.
bnstruct :: learning the structure using SM ...
bnstruct :: learning using SM completed.
bnstruct :: learning network parameters ... 
bnstruct :: parameter learning done.
bnstruct :: learning the structure using SM ...
bnstruct :: learning using SM completed.
bnstruct :: learning network parameters ... 
bnstruct :: parameter learning done.
bnstruct :: learning the structure using SM ...
bnstruct :: learning using SM completed.
bnstruct :: learning network parameters ... 
bnstruct :: parameter learning done.
bnstruct :: learning the structure using SM ...
bnstruct :: learning using SM completed.
bnstruct :: learning network parameters ... 
bnstruct :: parameter learning done.
bnstruct :: learning the structure using SM ...
bnstruct :: learning using SM completed.
bnstruct :: learning network parameters ... 
bnstruct :: parameter learning done.
bnstruct :: learning the structure using SM ...
bnstruct :: learning using SM completed.
bnstruct :: learning network parameters ... 
bnstruct :: parameter learning done.
bnstruct :: learning the structure using SM ...
bnstruct :: learning using SM completed.
bnstruct :: learning network parameters ... 
bnstruct :: parameter learning done.
bnstruct :: learning the structure using SM ...
bnstruct :: learning using SM completed.
bnstruct :: learning network parameters ... 
bnstruct :: parameter learning done.
bnstruct :: learning the structure using SM ...
bnstruct :: learning using SM completed.
bnstruct :: learning network parameters ... 
bnstruct :: parameter learning done.
bnstruct :: learning the structure using SM ...
bnstruct :: learning using SM completed.
bnstruct :: learning network parameters ... 
bnstruct :: parameter learning done.
bnstruct :: learning the structure using SM ...
bnstruct :: learning using SM completed.
bnstruct :: learning network parameters ... 
bnstruct :: parameter learning done.
bnstruct :: learning the structure using SM ...
bnstruct :: learning using SM completed.
bnstruct :: learning network parameters ... 
bnstruct :: parameter learning done.
bnstruct :: learning the structure using SM ...
bnstruct :: learning using SM completed.
bnstruct :: learning network parameters ... 
bnstruct :: parameter learning done.
bnstruct :: learning the structure using SM ...
bnstruct :: learning using SM completed.
bnstruct :: learning network parameters ... 
bnstruct :: parameter learning done.
bnstruct :: learning the structure using SM ...
bnstruct :: learning using SM completed.
bnstruct :: learning network parameters ... 
bnstruct :: parameter learning done.
bnstruct :: learning the structure using SM ...
bnstruct :: learning using SM completed.
bnstruct :: learning network parameters ... 
bnstruct :: parameter learning done.
bnstruct :: learning the structure using SM ...
bnstruct :: learning using SM completed.
bnstruct :: learning network parameters ... 
bnstruct :: parameter learning done.
bnstruct :: learning the structure using SM ...
bnstruct :: learning using SM completed.
bnstruct :: learning network parameters ... 
bnstruct :: parameter learning done.
bnstruct :: learning the structure using SM ...
bnstruct :: learning using SM completed.
bnstruct :: learning network parameters ... 
bnstruct :: parameter learning done.
bnstruct :: learning the structure using SM ...
bnstruct :: learning using SM completed.
bnstruct :: learning network parameters ... 
bnstruct :: parameter learning done.
bnstruct :: learning the structure using SM ...
bnstruct :: learning using SM completed.
bnstruct :: learning network parameters ... 
bnstruct :: parameter learning done.
bnstruct :: learning the structure using SM ...
bnstruct :: learning using SM completed.
bnstruct :: learning network parameters ... 
bnstruct :: parameter learning done.
bnstruct :: learning the structure using SM ...
bnstruct :: learning using SM completed.
bnstruct :: learning network parameters ... 
bnstruct :: parameter learning done.
bnstruct :: learning the structure using SM ...
bnstruct :: learning using SM completed.
bnstruct :: learning network parameters ... 
bnstruct :: parameter learning done.
bnstruct :: learning the structure using SM ...
bnstruct :: learning using SM completed.
bnstruct :: learning network parameters ... 
bnstruct :: parameter learning done.
bnstruct :: learning the structure using SM ...
bnstruct :: learning using SM completed.
bnstruct :: learning network parameters ... 
bnstruct :: parameter learning done.
bnstruct :: learning the structure using SM ...
bnstruct :: learning using SM completed.
bnstruct :: learning network parameters ... 
bnstruct :: parameter learning done.
bnstruct :: learning the structure using SM ...
bnstruct :: learning using SM completed.
bnstruct :: learning network parameters ... 
bnstruct :: parameter learning done.
bnstruct :: learning the structure using SM ...
bnstruct :: learning using SM completed.
bnstruct :: learning network parameters ... 
bnstruct :: parameter learning done.
bnstruct :: learning the structure using SM ...
bnstruct :: learning using SM completed.
bnstruct :: learning network parameters ... 
bnstruct :: parameter learning done.
bnstruct :: learning the structure using SM ...
bnstruct :: learning using SM completed.
bnstruct :: learning network parameters ... 
bnstruct :: parameter learning done.
bnstruct :: learning the structure using SM ...
bnstruct :: learning using SM completed.
bnstruct :: learning network parameters ... 
bnstruct :: parameter learning done.
bnstruct :: learning the structure using SM ...
bnstruct :: learning using SM completed.
bnstruct :: learning network parameters ... 
bnstruct :: parameter learning done.
bnstruct :: learning the structure using SM ...
bnstruct :: learning using SM completed.
bnstruct :: learning network parameters ... 
bnstruct :: parameter learning done.
bnstruct :: learning the structure using SM ...
bnstruct :: learning using SM completed.
bnstruct :: learning network parameters ... 
bnstruct :: parameter learning done.
bnstruct :: learning the structure using SM ...
bnstruct :: learning using SM completed.
bnstruct :: learning network parameters ... 
bnstruct :: parameter learning done.
bnstruct :: learning the structure using SM ...
bnstruct :: learning using SM completed.
bnstruct :: learning network parameters ... 
bnstruct :: parameter learning done.
bnstruct :: learning the structure using SM ...
bnstruct :: learning using SM completed.
bnstruct :: learning network parameters ... 
bnstruct :: parameter learning done.
bnstruct :: learning the structure using SM ...
bnstruct :: learning using SM completed.
bnstruct :: learning network parameters ... 
bnstruct :: parameter learning done.
bnstruct :: learning the structure using SM ...
bnstruct :: learning using SM completed.
bnstruct :: learning network parameters ... 
bnstruct :: parameter learning done.
bnstruct :: learning the structure using SM ...
bnstruct :: learning using SM completed.
bnstruct :: learning network parameters ... 
bnstruct :: parameter learning done.
bnstruct :: learning the structure using SM ...
bnstruct :: learning using SM completed.
bnstruct :: learning network parameters ... 
bnstruct :: parameter learning done.
bnstruct :: learning the structure using SM ...
bnstruct :: learning using SM completed.
bnstruct :: learning network parameters ... 
bnstruct :: parameter learning done.
bnstruct :: learning the structure using SM ...
bnstruct :: learning using SM completed.
bnstruct :: learning network parameters ... 
bnstruct :: parameter learning done.
bnstruct :: learning the structure using SM ...
bnstruct :: learning using SM completed.
bnstruct :: learning network parameters ... 
bnstruct :: parameter learning done.
bnstruct :: learning the structure using SM ...
bnstruct :: learning using SM completed.
bnstruct :: learning network parameters ... 
bnstruct :: parameter learning done.
bnstruct :: learning the structure using SM ...
bnstruct :: learning using SM completed.
bnstruct :: learning network parameters ... 
bnstruct :: parameter learning done.
bnstruct :: learning the structure using SM ...
bnstruct :: learning using SM completed.
bnstruct :: learning network parameters ... 
bnstruct :: parameter learning done.
bnstruct :: learning the structure using SM ...
bnstruct :: learning using SM completed.
bnstruct :: learning network parameters ... 
bnstruct :: parameter learning done.
bnstruct :: learning the structure using SM ...
bnstruct :: learning using SM completed.
bnstruct :: learning network parameters ... 
bnstruct :: parameter learning done.
bnstruct :: learning the structure using SM ...
bnstruct :: learning using SM completed.
bnstruct :: learning network parameters ... 
bnstruct :: parameter learning done.
bnstruct :: learning the structure using SM ...
bnstruct :: learning using SM completed.
bnstruct :: learning network parameters ... 
bnstruct :: parameter learning done.
bnstruct :: learning the structure using SM ...
bnstruct :: learning using SM completed.
bnstruct :: learning network parameters ... 
bnstruct :: parameter learning done.
bnstruct :: learning the structure using SM ...
bnstruct :: learning using SM completed.
bnstruct :: learning network parameters ... 
bnstruct :: parameter learning done.
bnstruct :: learning the structure using SM ...
bnstruct :: learning using SM completed.
bnstruct :: learning network parameters ... 
bnstruct :: parameter learning done.
bnstruct :: learning the structure using SM ...
bnstruct :: learning using SM completed.
bnstruct :: learning network parameters ... 
bnstruct :: parameter learning done.
bnstruct :: learning the structure using SM ...
bnstruct :: learning using SM completed.
bnstruct :: learning network parameters ... 
bnstruct :: parameter learning done.
bnstruct :: learning the structure using SM ...
bnstruct :: learning using SM completed.
bnstruct :: learning network parameters ... 
bnstruct :: parameter learning done.
bnstruct :: learning the structure using SM ...
bnstruct :: learning using SM completed.
bnstruct :: learning network parameters ... 
bnstruct :: parameter learning done.
bnstruct :: learning the structure using SM ...
bnstruct :: learning using SM completed.
bnstruct :: learning network parameters ... 
bnstruct :: parameter learning done.
bnstruct :: learning the structure using SM ...
bnstruct :: learning using SM completed.
bnstruct :: learning network parameters ... 
bnstruct :: parameter learning done.
bnstruct :: learning the structure using SM ...
bnstruct :: learning using SM completed.
bnstruct :: learning network parameters ... 
bnstruct :: parameter learning done.
bnstruct :: learning the structure using SM ...
bnstruct :: learning using SM completed.
bnstruct :: learning network parameters ... 
bnstruct :: parameter learning done.
bnstruct :: learning the structure using SM ...
bnstruct :: learning using SM completed.
bnstruct :: learning network parameters ... 
bnstruct :: parameter learning done.
bnstruct :: learning the structure using SM ...
bnstruct :: learning using SM completed.
bnstruct :: learning network parameters ... 
bnstruct :: parameter learning done.
bnstruct :: learning the structure using SM ...
bnstruct :: learning using SM completed.
bnstruct :: learning network parameters ... 
bnstruct :: parameter learning done.
bnstruct :: learning the structure using SM ...
bnstruct :: learning using SM completed.
bnstruct :: learning network parameters ... 
bnstruct :: parameter learning done.
bnstruct :: learning the structure using SM ...
bnstruct :: learning using SM completed.
bnstruct :: learning network parameters ... 
bnstruct :: parameter learning done.
bnstruct :: learning the structure using SM ...
bnstruct :: learning using SM completed.
bnstruct :: learning network parameters ... 
bnstruct :: parameter learning done.
bnstruct :: learning the structure using SM ...
bnstruct :: learning using SM completed.
bnstruct :: learning network parameters ... 
bnstruct :: parameter learning done.
bnstruct :: learning the structure using SM ...
bnstruct :: learning using SM completed.
bnstruct :: learning network parameters ... 
bnstruct :: parameter learning done.
bnstruct :: learning the structure using SM ...
bnstruct :: learning using SM completed.
bnstruct :: learning network parameters ... 
bnstruct :: parameter learning done.
bnstruct :: learning the structure using SM ...
bnstruct :: learning using SM completed.
bnstruct :: learning network parameters ... 
bnstruct :: parameter learning done.
bnstruct :: learning the structure using SM ...
bnstruct :: learning using SM completed.
bnstruct :: learning network parameters ... 
bnstruct :: parameter learning done.
bnstruct :: learning the structure using SM ...
bnstruct :: learning using SM completed.
bnstruct :: learning network parameters ... 
bnstruct :: parameter learning done.
bnstruct :: learning the structure using SM ...
bnstruct :: learning using SM completed.
bnstruct :: learning network parameters ... 
bnstruct :: parameter learning done.
bnstruct :: learning the structure using SM ...
bnstruct :: learning using SM completed.
bnstruct :: learning network parameters ... 
bnstruct :: parameter learning done.
bnstruct :: learning the structure using SM ...
bnstruct :: learning using SM completed.
bnstruct :: learning network parameters ... 
bnstruct :: parameter learning done.
bnstruct :: learning the structure using SM ...
bnstruct :: learning using SM completed.
bnstruct :: learning network parameters ... 
bnstruct :: parameter learning done.
bnstruct :: learning the structure using SM ...
bnstruct :: learning using SM completed.
bnstruct :: learning network parameters ... 
bnstruct :: parameter learning done.
bnstruct :: learning the structure using SM ...
bnstruct :: learning using SM completed.
bnstruct :: learning network parameters ... 
bnstruct :: parameter learning done.
bnstruct :: learning the structure using SM ...
bnstruct :: learning using SM completed.
bnstruct :: learning network parameters ... 
bnstruct :: parameter learning done.
bnstruct :: learning the structure using SM ...
bnstruct :: learning using SM completed.
bnstruct :: learning network parameters ... 
bnstruct :: parameter learning done.
bnstruct :: learning the structure using SM ...
bnstruct :: learning using SM completed.
bnstruct :: learning network parameters ... 
bnstruct :: parameter learning done.
bnstruct :: learning the structure using SM ...
bnstruct :: learning using SM completed.
bnstruct :: learning network parameters ... 
bnstruct :: parameter learning done.
bnstruct :: learning the structure using SM ...
bnstruct :: learning using SM completed.
bnstruct :: learning network parameters ... 
bnstruct :: parameter learning done.
bnstruct :: learning the structure using SM ...
bnstruct :: learning using SM completed.
bnstruct :: learning network parameters ... 
bnstruct :: parameter learning done.
bnstruct :: learning the structure using SM ...
bnstruct :: learning using SM completed.
bnstruct :: learning network parameters ... 
bnstruct :: parameter learning done.
bnstruct :: learning the structure using SM ...
bnstruct :: learning using SM completed.
bnstruct :: learning network parameters ... 
bnstruct :: parameter learning done.
bnstruct :: learning the structure using SM ...
bnstruct :: learning using SM completed.
bnstruct :: learning network parameters ... 
bnstruct :: parameter learning done.
bnstruct :: learning the structure using SM ...
bnstruct :: learning using SM completed.
bnstruct :: learning network parameters ... 
bnstruct :: parameter learning done.
bnstruct :: learning the structure using SM ...
bnstruct :: learning using SM completed.
bnstruct :: learning network parameters ... 
bnstruct :: parameter learning done.
bnstruct :: learning the structure using SM ...
bnstruct :: learning using SM completed.
bnstruct :: learning network parameters ... 
bnstruct :: parameter learning done.
bnstruct :: learning the structure using SM ...
bnstruct :: learning using SM completed.
bnstruct :: learning network parameters ... 
bnstruct :: parameter learning done.
bnstruct :: learning the structure using SM ...
bnstruct :: learning using SM completed.
bnstruct :: learning network parameters ... 
bnstruct :: parameter learning done.
bnstruct :: learning the structure using SM ...
bnstruct :: learning using SM completed.
bnstruct :: learning network parameters ... 
bnstruct :: parameter learning done.
bnstruct :: learning the structure using SM ...
bnstruct :: learning using SM completed.
bnstruct :: learning network parameters ... 
bnstruct :: parameter learning done.
bnstruct :: learning the structure using SM ...
bnstruct :: learning using SM completed.
bnstruct :: learning network parameters ... 
bnstruct :: parameter learning done.
bnstruct :: learning the structure using SM ...
bnstruct :: learning using SM completed.
bnstruct :: learning network parameters ... 
bnstruct :: parameter learning done.
bnstruct :: learning the structure using SM ...
bnstruct :: learning using SM completed.
bnstruct :: learning network parameters ... 
bnstruct :: parameter learning done.
bnstruct :: learning the structure using SM ...
bnstruct :: learning using SM completed.
bnstruct :: learning network parameters ... 
bnstruct :: parameter learning done.
bnstruct :: learning the structure using SM ...
bnstruct :: learning using SM completed.
bnstruct :: learning network parameters ... 
bnstruct :: parameter learning done.
bnstruct :: learning the structure using SM ...
bnstruct :: learning using SM completed.
bnstruct :: learning network parameters ... 
bnstruct :: parameter learning done.
bnstruct :: learning the structure using SM ...
bnstruct :: learning using SM completed.
bnstruct :: learning network parameters ... 
bnstruct :: parameter learning done.
bnstruct :: learning the structure using SM ...
bnstruct :: learning using SM completed.
bnstruct :: learning network parameters ... 
bnstruct :: parameter learning done.
bnstruct :: learning the structure using SM ...
bnstruct :: learning using SM completed.
bnstruct :: learning network parameters ... 
bnstruct :: parameter learning done.
bnstruct :: learning the structure using SM ...
bnstruct :: learning using SM completed.
bnstruct :: learning network parameters ... 
bnstruct :: parameter learning done.
bnstruct :: learning the structure using SM ...
bnstruct :: learning using SM completed.
bnstruct :: learning network parameters ... 
bnstruct :: parameter learning done.
bnstruct :: learning the structure using SM ...
bnstruct :: learning using SM completed.
bnstruct :: learning network parameters ... 
bnstruct :: parameter learning done.
bnstruct :: learning the structure using SM ...
bnstruct :: learning using SM completed.
bnstruct :: learning network parameters ... 
bnstruct :: parameter learning done.
bnstruct :: learning the structure using SM ...
bnstruct :: learning using SM completed.
bnstruct :: learning network parameters ... 
bnstruct :: parameter learning done.
bnstruct :: learning the structure using SM ...
bnstruct :: learning using SM completed.
bnstruct :: learning network parameters ... 
bnstruct :: parameter learning done.
bnstruct :: learning the structure using SM ...
bnstruct :: learning using SM completed.
bnstruct :: learning network parameters ... 
bnstruct :: parameter learning done.
bnstruct :: learning the structure using SM ...
bnstruct :: learning using SM completed.
bnstruct :: learning network parameters ... 
bnstruct :: parameter learning done.
bnstruct :: learning the structure using SM ...
bnstruct :: learning using SM completed.
bnstruct :: learning network parameters ... 
bnstruct :: parameter learning done.
bnstruct :: learning the structure using SM ...
bnstruct :: learning using SM completed.
bnstruct :: learning network parameters ... 
bnstruct :: parameter learning done.
bnstruct :: learning the structure using SM ...
bnstruct :: learning using SM completed.
bnstruct :: learning network parameters ... 
bnstruct :: parameter learning done.
bnstruct :: learning the structure using SM ...
bnstruct :: learning using SM completed.
bnstruct :: learning network parameters ... 
bnstruct :: parameter learning done.
bnstruct :: learning the structure using SM ...
bnstruct :: learning using SM completed.
bnstruct :: learning network parameters ... 
bnstruct :: parameter learning done.
bnstruct :: learning the structure using SM ...
bnstruct :: learning using SM completed.
bnstruct :: learning network parameters ... 
bnstruct :: parameter learning done.
bnstruct :: learning the structure using SM ...
bnstruct :: learning using SM completed.
bnstruct :: learning network parameters ... 
bnstruct :: parameter learning done.
bnstruct :: learning the structure using SM ...
bnstruct :: learning using SM completed.
bnstruct :: learning network parameters ... 
bnstruct :: parameter learning done.
bnstruct :: learning the structure using SM ...
bnstruct :: learning using SM completed.
bnstruct :: learning network parameters ... 
bnstruct :: parameter learning done.
bnstruct :: learning the structure using SM ...
bnstruct :: learning using SM completed.
bnstruct :: learning network parameters ... 
bnstruct :: parameter learning done.
bnstruct :: learning the structure using SM ...
bnstruct :: learning using SM completed.
bnstruct :: learning network parameters ... 
bnstruct :: parameter learning done.
bnstruct :: learning the structure using SM ...
bnstruct :: learning using SM completed.
bnstruct :: learning network parameters ... 
bnstruct :: parameter learning done.
bnstruct :: learning the structure using SM ...
bnstruct :: learning using SM completed.
bnstruct :: learning network parameters ... 
bnstruct :: parameter learning done.
bnstruct :: learning the structure using SM ...
bnstruct :: learning using SM completed.
bnstruct :: learning network parameters ... 
bnstruct :: parameter learning done.
bnstruct :: learning the structure using SM ...
bnstruct :: learning using SM completed.
bnstruct :: learning network parameters ... 
bnstruct :: parameter learning done.
bnstruct :: learning the structure using SM ...
bnstruct :: learning using SM completed.
bnstruct :: learning network parameters ... 
bnstruct :: parameter learning done.
bnstruct :: learning the structure using SM ...
bnstruct :: learning using SM completed.
bnstruct :: learning network parameters ... 
bnstruct :: parameter learning done.
bnstruct :: learning the structure using SM ...
bnstruct :: learning using SM completed.
bnstruct :: learning network parameters ... 
bnstruct :: parameter learning done.
bnstruct :: learning the structure using SM ...
bnstruct :: learning using SM completed.
bnstruct :: learning network parameters ... 
bnstruct :: parameter learning done.
bnstruct :: learning the structure using SM ...
bnstruct :: learning using SM completed.
bnstruct :: learning network parameters ... 
bnstruct :: parameter learning done.
bnstruct :: learning the structure using SM ...
bnstruct :: learning using SM completed.
bnstruct :: learning network parameters ... 
bnstruct :: parameter learning done.
bnstruct :: learning the structure using SM ...
bnstruct :: learning using SM completed.
bnstruct :: learning network parameters ... 
bnstruct :: parameter learning done.
bnstruct :: learning the structure using SM ...
bnstruct :: learning using SM completed.
bnstruct :: learning network parameters ... 
bnstruct :: parameter learning done.
bnstruct :: learning the structure using SM ...
bnstruct :: learning using SM completed.
bnstruct :: learning network parameters ... 
bnstruct :: parameter learning done.
bnstruct :: learning the structure using SM ...
bnstruct :: learning using SM completed.
bnstruct :: learning network parameters ... 
bnstruct :: parameter learning done.
bnstruct :: learning the structure using SM ...
bnstruct :: learning using SM completed.
bnstruct :: learning network parameters ... 
bnstruct :: parameter learning done.
bnstruct :: learning the structure using SM ...
bnstruct :: learning using SM completed.
bnstruct :: learning network parameters ... 
bnstruct :: parameter learning done.
bnstruct :: learning the structure using SM ...
bnstruct :: learning using SM completed.
bnstruct :: learning network parameters ... 
bnstruct :: parameter learning done.
bnstruct :: learning the structure using SM ...
bnstruct :: learning using SM completed.
bnstruct :: learning network parameters ... 
bnstruct :: parameter learning done.
bnstruct :: learning the structure using SM ...
bnstruct :: learning using SM completed.
bnstruct :: learning network parameters ... 
bnstruct :: parameter learning done.
bnstruct :: learning the structure using SM ...
bnstruct :: learning using SM completed.
bnstruct :: learning network parameters ... 
bnstruct :: parameter learning done.
bnstruct :: learning the structure using SM ...
bnstruct :: learning using SM completed.
bnstruct :: learning network parameters ... 
bnstruct :: parameter learning done.
bnstruct :: learning the structure using SM ...
bnstruct :: learning using SM completed.
bnstruct :: learning network parameters ... 
bnstruct :: parameter learning done.
bnstruct :: learning the structure using SM ...
bnstruct :: learning using SM completed.
bnstruct :: learning network parameters ... 
bnstruct :: parameter learning done.
bnstruct :: learning the structure using SM ...
bnstruct :: learning using SM completed.
bnstruct :: learning network parameters ... 
bnstruct :: parameter learning done.
bnstruct :: learning the structure using SM ...
bnstruct :: learning using SM completed.
bnstruct :: learning network parameters ... 
bnstruct :: parameter learning done.
bnstruct :: learning the structure using SM ...
bnstruct :: learning using SM completed.
bnstruct :: learning network parameters ... 
bnstruct :: parameter learning done.
bnstruct :: learning the structure using SM ...
bnstruct :: learning using SM completed.
bnstruct :: learning network parameters ... 
bnstruct :: parameter learning done.
bnstruct :: learning the structure using SM ...
bnstruct :: learning using SM completed.
bnstruct :: learning network parameters ... 
bnstruct :: parameter learning done.
bnstruct :: learning the structure using SM ...
bnstruct :: learning using SM completed.
bnstruct :: learning network parameters ... 
bnstruct :: parameter learning done.
bnstruct :: learning the structure using SM ...
bnstruct :: learning using SM completed.
bnstruct :: learning network parameters ... 
bnstruct :: parameter learning done.
bnstruct :: learning the structure using SM ...
bnstruct :: learning using SM completed.
bnstruct :: learning network parameters ... 
bnstruct :: parameter learning done.
bnstruct :: learning the structure using SM ...
bnstruct :: learning using SM completed.
bnstruct :: learning network parameters ... 
bnstruct :: parameter learning done.
bnstruct :: learning the structure using SM ...
bnstruct :: learning using SM completed.
bnstruct :: learning network parameters ... 
bnstruct :: parameter learning done.
bnstruct :: learning the structure using SM ...
bnstruct :: learning using SM completed.
bnstruct :: learning network parameters ... 
bnstruct :: parameter learning done.
bnstruct :: learning the structure using SM ...
bnstruct :: learning using SM completed.
bnstruct :: learning network parameters ... 
bnstruct :: parameter learning done.
bnstruct :: learning the structure using SM ...
bnstruct :: learning using SM completed.
bnstruct :: learning network parameters ... 
bnstruct :: parameter learning done.
bnstruct :: learning the structure using SM ...
bnstruct :: learning using SM completed.
bnstruct :: learning network parameters ... 
bnstruct :: parameter learning done.
bnstruct :: learning the structure using SM ...
bnstruct :: learning using SM completed.
bnstruct :: learning network parameters ... 
bnstruct :: parameter learning done.
bnstruct :: learning the structure using SM ...
bnstruct :: learning using SM completed.
bnstruct :: learning network parameters ... 
bnstruct :: parameter learning done.
bnstruct :: learning the structure using SM ...
bnstruct :: learning using SM completed.
bnstruct :: learning network parameters ... 
bnstruct :: parameter learning done.
bnstruct :: learning the structure using SM ...
bnstruct :: learning using SM completed.
bnstruct :: learning network parameters ... 
bnstruct :: parameter learning done.
bnstruct :: learning the structure using SM ...
bnstruct :: learning using SM completed.
bnstruct :: learning network parameters ... 
bnstruct :: parameter learning done.
bnstruct :: learning the structure using SM ...
bnstruct :: learning using SM completed.
bnstruct :: learning network parameters ... 
bnstruct :: parameter learning done.
bnstruct :: learning the structure using SM ...
bnstruct :: learning using SM completed.
bnstruct :: learning network parameters ... 
bnstruct :: parameter learning done.
bnstruct :: learning the structure using SM ...
bnstruct :: learning using SM completed.
bnstruct :: learning network parameters ... 
bnstruct :: parameter learning done.
bnstruct :: learning the structure using SM ...
bnstruct :: learning using SM completed.
bnstruct :: learning network parameters ... 
bnstruct :: parameter learning done.
bnstruct :: learning the structure using SM ...
bnstruct :: learning using SM completed.
bnstruct :: learning network parameters ... 
bnstruct :: parameter learning done.
bnstruct :: learning the structure using SM ...
bnstruct :: learning using SM completed.
bnstruct :: learning network parameters ... 
bnstruct :: parameter learning done.
bnstruct :: learning the structure using SM ...
bnstruct :: learning using SM completed.
bnstruct :: learning network parameters ... 
bnstruct :: parameter learning done.
bnstruct :: learning the structure using SM ...
bnstruct :: learning using SM completed.
bnstruct :: learning network parameters ... 
bnstruct :: parameter learning done.
bnstruct :: learning the structure using SM ...
bnstruct :: learning using SM completed.
bnstruct :: learning network parameters ... 
bnstruct :: parameter learning done.
bnstruct :: learning the structure using SM ...
bnstruct :: learning using SM completed.
bnstruct :: learning network parameters ... 
bnstruct :: parameter learning done.
bnstruct :: learning the structure using SM ...
bnstruct :: learning using SM completed.
bnstruct :: learning network parameters ... 
bnstruct :: parameter learning done.
There were 50 or more warnings (use warnings() to see the first 50)
Warning message:
In rm(rolled.DBN.adj.matrix, rolled.DBN.adj.matrix) :
  object 'rolled.DBN.adj.matrix' not found
7.35user 0.12system 0:08.14elapsed 91%CPU (0avgtext+0avgdata 141292maxresident)k
12984inputs+432outputs (48major+82271minor)pagefaults 0swaps
