
Welcome Saptarshi at Mon Oct 30 18:24:32 2017 
[1] "The output directory name is:"
[1] "/home/saptarshi/R/R-3.3.2/projects/repoTGS/asset/output20171030182432"
[1] ""
Loading required package: bitops
Loading required package: Matrix
Loading required package: igraph
Loading required package: methods

Attaching package: ‘igraph’

The following objects are masked from ‘package:stats’:

    decompose, spectrum

The following object is masked from ‘package:base’:

    union

Loading required package: iterators
Loading required package: parallel
bnstruct :: learning the structure using SM ...
bnstruct :: learning using SM completed.
bnstruct :: learning network parameters ... 
bnstruct :: parameter learning done.
bnstruct :: learning the structure using SM ...
bnstruct :: learning using SM completed.
bnstruct :: learning network parameters ... 
bnstruct :: parameter learning done.
bnstruct :: learning the structure using SM ...
bnstruct :: learning using SM completed.
bnstruct :: learning network parameters ... 
bnstruct :: parameter learning done.
bnstruct :: learning the structure using SM ...
bnstruct :: learning using SM completed.
bnstruct :: learning network parameters ... 
bnstruct :: parameter learning done.
bnstruct :: learning the structure using SM ...
bnstruct :: learning using SM completed.
bnstruct :: learning network parameters ... 
bnstruct :: parameter learning done.
bnstruct :: learning the structure using SM ...
bnstruct :: learning using SM completed.
bnstruct :: learning network parameters ... 
bnstruct :: parameter learning done.
bnstruct :: learning the structure using SM ...
bnstruct :: learning using SM completed.
bnstruct :: learning network parameters ... 
bnstruct :: parameter learning done.
bnstruct :: learning the structure using SM ...
bnstruct :: learning using SM completed.
bnstruct :: learning network parameters ... 
bnstruct :: parameter learning done.
bnstruct :: learning the structure using SM ...
bnstruct :: learning using SM completed.
bnstruct :: learning network parameters ... 
bnstruct :: parameter learning done.
bnstruct :: learning the structure using SM ...
bnstruct :: learning using SM completed.
bnstruct :: learning network parameters ... 
bnstruct :: parameter learning done.
bnstruct :: learning the structure using SM ...
bnstruct :: learning using SM completed.
bnstruct :: learning network parameters ... 
bnstruct :: parameter learning done.
bnstruct :: learning the structure using SM ...
bnstruct :: learning using SM completed.
bnstruct :: learning network parameters ... 
bnstruct :: parameter learning done.
bnstruct :: learning the structure using SM ...
bnstruct :: learning using SM completed.
bnstruct :: learning network parameters ... 
bnstruct :: parameter learning done.
bnstruct :: learning the structure using SM ...
bnstruct :: learning using SM completed.
bnstruct :: learning network parameters ... 
bnstruct :: parameter learning done.
bnstruct :: learning the structure using SM ...
bnstruct :: learning using SM completed.
bnstruct :: learning network parameters ... 
bnstruct :: parameter learning done.
bnstruct :: learning the structure using SM ...
bnstruct :: learning using SM completed.
bnstruct :: learning network parameters ... 
bnstruct :: parameter learning done.
bnstruct :: learning the structure using SM ...
bnstruct :: learning using SM completed.
bnstruct :: learning network parameters ... 
bnstruct :: parameter learning done.
bnstruct :: learning the structure using SM ...
bnstruct :: learning using SM completed.
bnstruct :: learning network parameters ... 
bnstruct :: parameter learning done.
bnstruct :: learning the structure using SM ...
bnstruct :: learning using SM completed.
bnstruct :: learning network parameters ... 
bnstruct :: parameter learning done.
bnstruct :: learning the structure using SM ...
bnstruct :: learning using SM completed.
bnstruct :: learning network parameters ... 
bnstruct :: parameter learning done.
bnstruct :: learning the structure using SM ...
bnstruct :: learning using SM completed.
bnstruct :: learning network parameters ... 
bnstruct :: parameter learning done.
bnstruct :: learning the structure using SM ...
bnstruct :: learning using SM completed.
bnstruct :: learning network parameters ... 
bnstruct :: parameter learning done.
bnstruct :: learning the structure using SM ...
bnstruct :: learning using SM completed.
bnstruct :: learning network parameters ... 
bnstruct :: parameter learning done.
bnstruct :: learning the structure using SM ...
bnstruct :: learning using SM completed.
bnstruct :: learning network parameters ... 
bnstruct :: parameter learning done.
bnstruct :: learning the structure using SM ...
bnstruct :: learning using SM completed.
bnstruct :: learning network parameters ... 
bnstruct :: parameter learning done.
bnstruct :: learning the structure using SM ...
bnstruct :: learning using SM completed.
bnstruct :: learning network parameters ... 
bnstruct :: parameter learning done.
bnstruct :: learning the structure using SM ...
bnstruct :: learning using SM completed.
bnstruct :: learning network parameters ... 
bnstruct :: parameter learning done.
bnstruct :: learning the structure using SM ...
bnstruct :: learning using SM completed.
bnstruct :: learning network parameters ... 
bnstruct :: parameter learning done.
bnstruct :: learning the structure using SM ...
bnstruct :: learning using SM completed.
bnstruct :: learning network parameters ... 
bnstruct :: parameter learning done.
bnstruct :: learning the structure using SM ...
bnstruct :: learning using SM completed.
bnstruct :: learning network parameters ... 
bnstruct :: parameter learning done.
bnstruct :: learning the structure using SM ...
bnstruct :: learning using SM completed.
bnstruct :: learning network parameters ... 
bnstruct :: parameter learning done.
bnstruct :: learning the structure using SM ...
bnstruct :: learning using SM completed.
bnstruct :: learning network parameters ... 
bnstruct :: parameter learning done.
bnstruct :: learning the structure using SM ...
bnstruct :: learning using SM completed.
bnstruct :: learning network parameters ... 
bnstruct :: parameter learning done.
bnstruct :: learning the structure using SM ...
bnstruct :: learning using SM completed.
bnstruct :: learning network parameters ... 
bnstruct :: parameter learning done.
bnstruct :: learning the structure using SM ...
bnstruct :: learning using SM completed.
bnstruct :: learning network parameters ... 
bnstruct :: parameter learning done.
bnstruct :: learning the structure using SM ...
bnstruct :: learning using SM completed.
bnstruct :: learning network parameters ... 
bnstruct :: parameter learning done.
bnstruct :: learning the structure using SM ...
bnstruct :: learning using SM completed.
bnstruct :: learning network parameters ... 
bnstruct :: parameter learning done.
bnstruct :: learning the structure using SM ...
bnstruct :: learning using SM completed.
bnstruct :: learning network parameters ... 
bnstruct :: parameter learning done.
bnstruct :: learning the structure using SM ...
bnstruct :: learning using SM completed.
bnstruct :: learning network parameters ... 
bnstruct :: parameter learning done.
bnstruct :: learning the structure using SM ...
bnstruct :: learning using SM completed.
bnstruct :: learning network parameters ... 
bnstruct :: parameter learning done.
bnstruct :: learning the structure using SM ...
bnstruct :: learning using SM completed.
bnstruct :: learning network parameters ... 
bnstruct :: parameter learning done.
bnstruct :: learning the structure using SM ...
bnstruct :: learning using SM completed.
bnstruct :: learning network parameters ... 
bnstruct :: parameter learning done.
bnstruct :: learning the structure using SM ...
bnstruct :: learning using SM completed.
bnstruct :: learning network parameters ... 
bnstruct :: parameter learning done.
bnstruct :: learning the structure using SM ...
bnstruct :: learning using SM completed.
bnstruct :: learning network parameters ... 
bnstruct :: parameter learning done.
bnstruct :: learning the structure using SM ...
bnstruct :: learning using SM completed.
bnstruct :: learning network parameters ... 
bnstruct :: parameter learning done.
bnstruct :: learning the structure using SM ...
bnstruct :: learning using SM completed.
bnstruct :: learning network parameters ... 
bnstruct :: parameter learning done.
bnstruct :: learning the structure using SM ...
bnstruct :: learning using SM completed.
bnstruct :: learning network parameters ... 
bnstruct :: parameter learning done.
bnstruct :: learning the structure using SM ...
bnstruct :: learning using SM completed.
bnstruct :: learning network parameters ... 
bnstruct :: parameter learning done.
bnstruct :: learning the structure using SM ...
bnstruct :: learning using SM completed.
bnstruct :: learning network parameters ... 
bnstruct :: parameter learning done.
bnstruct :: learning the structure using SM ...
bnstruct :: learning using SM completed.
bnstruct :: learning network parameters ... 
bnstruct :: parameter learning done.
bnstruct :: learning the structure using SM ...
bnstruct :: learning using SM completed.
bnstruct :: learning network parameters ... 
bnstruct :: parameter learning done.
bnstruct :: learning the structure using SM ...
bnstruct :: learning using SM completed.
bnstruct :: learning network parameters ... 
bnstruct :: parameter learning done.
bnstruct :: learning the structure using SM ...
bnstruct :: learning using SM completed.
bnstruct :: learning network parameters ... 
bnstruct :: parameter learning done.
bnstruct :: learning the structure using SM ...
bnstruct :: learning using SM completed.
bnstruct :: learning network parameters ... 
bnstruct :: parameter learning done.
bnstruct :: learning the structure using SM ...
bnstruct :: learning using SM completed.
bnstruct :: learning network parameters ... 
bnstruct :: parameter learning done.
bnstruct :: learning the structure using SM ...
bnstruct :: learning using SM completed.
bnstruct :: learning network parameters ... 
bnstruct :: parameter learning done.
bnstruct :: learning the structure using SM ...
bnstruct :: learning using SM completed.
bnstruct :: learning network parameters ... 
bnstruct :: parameter learning done.
bnstruct :: learning the structure using SM ...
bnstruct :: learning using SM completed.
bnstruct :: learning network parameters ... 
bnstruct :: parameter learning done.
bnstruct :: learning the structure using SM ...
bnstruct :: learning using SM completed.
bnstruct :: learning network parameters ... 
bnstruct :: parameter learning done.
bnstruct :: learning the structure using SM ...
bnstruct :: learning using SM completed.
bnstruct :: learning network parameters ... 
bnstruct :: parameter learning done.
bnstruct :: learning the structure using SM ...
bnstruct :: learning using SM completed.
bnstruct :: learning network parameters ... 
bnstruct :: parameter learning done.
bnstruct :: learning the structure using SM ...
bnstruct :: learning using SM completed.
bnstruct :: learning network parameters ... 
bnstruct :: parameter learning done.
bnstruct :: learning the structure using SM ...
bnstruct :: learning using SM completed.
bnstruct :: learning network parameters ... 
bnstruct :: parameter learning done.
bnstruct :: learning the structure using SM ...
bnstruct :: learning using SM completed.
bnstruct :: learning network parameters ... 
bnstruct :: parameter learning done.
bnstruct :: learning the structure using SM ...
bnstruct :: learning using SM completed.
bnstruct :: learning network parameters ... 
bnstruct :: parameter learning done.
bnstruct :: learning the structure using SM ...
bnstruct :: learning using SM completed.
bnstruct :: learning network parameters ... 
bnstruct :: parameter learning done.
bnstruct :: learning the structure using SM ...
bnstruct :: learning using SM completed.
bnstruct :: learning network parameters ... 
bnstruct :: parameter learning done.
bnstruct :: learning the structure using SM ...
bnstruct :: learning using SM completed.
bnstruct :: learning network parameters ... 
bnstruct :: parameter learning done.
bnstruct :: learning the structure using SM ...
bnstruct :: learning using SM completed.
bnstruct :: learning network parameters ... 
bnstruct :: parameter learning done.
bnstruct :: learning the structure using SM ...
bnstruct :: learning using SM completed.
bnstruct :: learning network parameters ... 
bnstruct :: parameter learning done.
bnstruct :: learning the structure using SM ...
bnstruct :: learning using SM completed.
bnstruct :: learning network parameters ... 
bnstruct :: parameter learning done.
bnstruct :: learning the structure using SM ...
bnstruct :: learning using SM completed.
bnstruct :: learning network parameters ... 
bnstruct :: parameter learning done.
bnstruct :: learning the structure using SM ...
bnstruct :: learning using SM completed.
bnstruct :: learning network parameters ... 
bnstruct :: parameter learning done.
bnstruct :: learning the structure using SM ...
bnstruct :: learning using SM completed.
bnstruct :: learning network parameters ... 
bnstruct :: parameter learning done.
bnstruct :: learning the structure using SM ...
bnstruct :: learning using SM completed.
bnstruct :: learning network parameters ... 
bnstruct :: parameter learning done.
bnstruct :: learning the structure using SM ...
bnstruct :: learning using SM completed.
bnstruct :: learning network parameters ... 
bnstruct :: parameter learning done.
bnstruct :: learning the structure using SM ...
bnstruct :: learning using SM completed.
bnstruct :: learning network parameters ... 
bnstruct :: parameter learning done.
bnstruct :: learning the structure using SM ...
bnstruct :: learning using SM completed.
bnstruct :: learning network parameters ... 
bnstruct :: parameter learning done.
bnstruct :: learning the structure using SM ...
bnstruct :: learning using SM completed.
bnstruct :: learning network parameters ... 
bnstruct :: parameter learning done.
bnstruct :: learning the structure using SM ...
bnstruct :: learning using SM completed.
bnstruct :: learning network parameters ... 
bnstruct :: parameter learning done.
bnstruct :: learning the structure using SM ...
bnstruct :: learning using SM completed.
bnstruct :: learning network parameters ... 
bnstruct :: parameter learning done.
bnstruct :: learning the structure using SM ...
bnstruct :: learning using SM completed.
bnstruct :: learning network parameters ... 
bnstruct :: parameter learning done.
bnstruct :: learning the structure using SM ...
bnstruct :: learning using SM completed.
bnstruct :: learning network parameters ... 
bnstruct :: parameter learning done.
bnstruct :: learning the structure using SM ...
bnstruct :: learning using SM completed.
bnstruct :: learning network parameters ... 
bnstruct :: parameter learning done.
bnstruct :: learning the structure using SM ...
bnstruct :: learning using SM completed.
bnstruct :: learning network parameters ... 
bnstruct :: parameter learning done.
bnstruct :: learning the structure using SM ...
bnstruct :: learning using SM completed.
bnstruct :: learning network parameters ... 
bnstruct :: parameter learning done.
bnstruct :: learning the structure using SM ...
bnstruct :: learning using SM completed.
bnstruct :: learning network parameters ... 
bnstruct :: parameter learning done.
bnstruct :: learning the structure using SM ...
bnstruct :: learning using SM completed.
bnstruct :: learning network parameters ... 
bnstruct :: parameter learning done.
bnstruct :: learning the structure using SM ...
bnstruct :: learning using SM completed.
bnstruct :: learning network parameters ... 
bnstruct :: parameter learning done.
bnstruct :: learning the structure using SM ...
bnstruct :: learning using SM completed.
bnstruct :: learning network parameters ... 
bnstruct :: parameter learning done.
bnstruct :: learning the structure using SM ...
bnstruct :: learning using SM completed.
bnstruct :: learning network parameters ... 
bnstruct :: parameter learning done.
bnstruct :: learning the structure using SM ...
bnstruct :: learning using SM completed.
bnstruct :: learning network parameters ... 
bnstruct :: parameter learning done.
bnstruct :: learning the structure using SM ...
bnstruct :: learning using SM completed.
bnstruct :: learning network parameters ... 
bnstruct :: parameter learning done.
bnstruct :: learning the structure using SM ...
bnstruct :: learning using SM completed.
bnstruct :: learning network parameters ... 
bnstruct :: parameter learning done.
bnstruct :: learning the structure using SM ...
bnstruct :: learning using SM completed.
bnstruct :: learning network parameters ... 
bnstruct :: parameter learning done.
bnstruct :: learning the structure using SM ...
bnstruct :: learning using SM completed.
bnstruct :: learning network parameters ... 
bnstruct :: parameter learning done.
bnstruct :: learning the structure using SM ...
bnstruct :: learning using SM completed.
bnstruct :: learning network parameters ... 
bnstruct :: parameter learning done.
bnstruct :: learning the structure using SM ...
bnstruct :: learning using SM completed.
bnstruct :: learning network parameters ... 
bnstruct :: parameter learning done.
bnstruct :: learning the structure using SM ...
bnstruct :: learning using SM completed.
bnstruct :: learning network parameters ... 
bnstruct :: parameter learning done.
bnstruct :: learning the structure using SM ...
bnstruct :: learning using SM completed.
bnstruct :: learning network parameters ... 
bnstruct :: parameter learning done.
There were 50 or more warnings (use warnings() to see the first 50)
4.07user 0.14system 0:04.27elapsed 98%CPU (0avgtext+0avgdata 135208maxresident)k
56inputs+232outputs (0major+77974minor)pagefaults 0swaps
