
Welcome Saptarshi at Thu Apr 26 13:37:50 2018 
[1] "The output directory name is:"
[1] "/home/saptarshi/R/R-3.3.2/projects/repotgsr/asset/output20180426133750"
[1] ""
Loading required package: bitops
Loading required package: Matrix
Loading required package: igraph
Loading required package: methods

Attaching package: ‘igraph’

The following objects are masked from ‘package:stats’:

    decompose, spectrum

The following object is masked from ‘package:base’:

    union

Loading required package: iterators
Loading required package: parallel
bnstruct :: learning the structure using SM ...
bnstruct :: learning using SM completed.
bnstruct :: learning network parameters ... 
bnstruct :: parameter learning done.
bnstruct :: learning the structure using SM ...
bnstruct :: learning using SM completed.
bnstruct :: learning network parameters ... 
bnstruct :: parameter learning done.
bnstruct :: learning the structure using SM ...
bnstruct :: learning using SM completed.
bnstruct :: learning network parameters ... 
bnstruct :: parameter learning done.
bnstruct :: learning the structure using SM ...
bnstruct :: learning using SM completed.
bnstruct :: learning network parameters ... 
bnstruct :: parameter learning done.
bnstruct :: learning the structure using SM ...
bnstruct :: learning using SM completed.
bnstruct :: learning network parameters ... 
bnstruct :: parameter learning done.
bnstruct :: learning the structure using SM ...
bnstruct :: learning using SM completed.
bnstruct :: learning network parameters ... 
bnstruct :: parameter learning done.
bnstruct :: learning the structure using SM ...
bnstruct :: learning using SM completed.
bnstruct :: learning network parameters ... 
bnstruct :: parameter learning done.
bnstruct :: learning the structure using SM ...
bnstruct :: learning using SM completed.
bnstruct :: learning network parameters ... 
bnstruct :: parameter learning done.
bnstruct :: learning the structure using SM ...
bnstruct :: learning using SM completed.
bnstruct :: learning network parameters ... 
bnstruct :: parameter learning done.
bnstruct :: learning the structure using SM ...
bnstruct :: learning using SM completed.
bnstruct :: learning network parameters ... 
bnstruct :: parameter learning done.
bnstruct :: learning the structure using SM ...
bnstruct :: learning using SM completed.
bnstruct :: learning network parameters ... 
bnstruct :: parameter learning done.
bnstruct :: learning the structure using SM ...
bnstruct :: learning using SM completed.
bnstruct :: learning network parameters ... 
bnstruct :: parameter learning done.
bnstruct :: learning the structure using SM ...
bnstruct :: learning using SM completed.
bnstruct :: learning network parameters ... 
bnstruct :: parameter learning done.
bnstruct :: learning the structure using SM ...
bnstruct :: learning using SM completed.
bnstruct :: learning network parameters ... 
bnstruct :: parameter learning done.
bnstruct :: learning the structure using SM ...
bnstruct :: learning using SM completed.
bnstruct :: learning network parameters ... 
bnstruct :: parameter learning done.
bnstruct :: learning the structure using SM ...
bnstruct :: learning using SM completed.
bnstruct :: learning network parameters ... 
bnstruct :: parameter learning done.
bnstruct :: learning the structure using SM ...
bnstruct :: learning using SM completed.
bnstruct :: learning network parameters ... 
bnstruct :: parameter learning done.
bnstruct :: learning the structure using SM ...
bnstruct :: learning using SM completed.
bnstruct :: learning network parameters ... 
bnstruct :: parameter learning done.
bnstruct :: learning the structure using SM ...
bnstruct :: learning using SM completed.
bnstruct :: learning network parameters ... 
bnstruct :: parameter learning done.
bnstruct :: learning the structure using SM ...
bnstruct :: learning using SM completed.
bnstruct :: learning network parameters ... 
bnstruct :: parameter learning done.
bnstruct :: learning the structure using SM ...
bnstruct :: learning using SM completed.
bnstruct :: learning network parameters ... 
bnstruct :: parameter learning done.
bnstruct :: learning the structure using SM ...
bnstruct :: learning using SM completed.
bnstruct :: learning network parameters ... 
bnstruct :: parameter learning done.
bnstruct :: learning the structure using SM ...
bnstruct :: learning using SM completed.
bnstruct :: learning network parameters ... 
bnstruct :: parameter learning done.
bnstruct :: learning the structure using SM ...
bnstruct :: learning using SM completed.
bnstruct :: learning network parameters ... 
bnstruct :: parameter learning done.
bnstruct :: learning the structure using SM ...
bnstruct :: learning using SM completed.
bnstruct :: learning network parameters ... 
bnstruct :: parameter learning done.
bnstruct :: learning the structure using SM ...
bnstruct :: learning using SM completed.
bnstruct :: learning network parameters ... 
bnstruct :: parameter learning done.
bnstruct :: learning the structure using SM ...
bnstruct :: learning using SM completed.
bnstruct :: learning network parameters ... 
bnstruct :: parameter learning done.
bnstruct :: learning the structure using SM ...
bnstruct :: learning using SM completed.
bnstruct :: learning network parameters ... 
bnstruct :: parameter learning done.
bnstruct :: learning the structure using SM ...
bnstruct :: learning using SM completed.
bnstruct :: learning network parameters ... 
bnstruct :: parameter learning done.
bnstruct :: learning the structure using SM ...
bnstruct :: learning using SM completed.
bnstruct :: learning network parameters ... 
bnstruct :: parameter learning done.
bnstruct :: learning the structure using SM ...
bnstruct :: learning using SM completed.
bnstruct :: learning network parameters ... 
bnstruct :: parameter learning done.
bnstruct :: learning the structure using SM ...
bnstruct :: learning using SM completed.
bnstruct :: learning network parameters ... 
bnstruct :: parameter learning done.
bnstruct :: learning the structure using SM ...
bnstruct :: learning using SM completed.
bnstruct :: learning network parameters ... 
bnstruct :: parameter learning done.
bnstruct :: learning the structure using SM ...
bnstruct :: learning using SM completed.
bnstruct :: learning network parameters ... 
bnstruct :: parameter learning done.
bnstruct :: learning the structure using SM ...
bnstruct :: learning using SM completed.
bnstruct :: learning network parameters ... 
bnstruct :: parameter learning done.
bnstruct :: learning the structure using SM ...
bnstruct :: learning using SM completed.
bnstruct :: learning network parameters ... 
bnstruct :: parameter learning done.
bnstruct :: learning the structure using SM ...
bnstruct :: learning using SM completed.
bnstruct :: learning network parameters ... 
bnstruct :: parameter learning done.
bnstruct :: learning the structure using SM ...
bnstruct :: learning using SM completed.
bnstruct :: learning network parameters ... 
bnstruct :: parameter learning done.
bnstruct :: learning the structure using SM ...
bnstruct :: learning using SM completed.
bnstruct :: learning network parameters ... 
bnstruct :: parameter learning done.
bnstruct :: learning the structure using SM ...
bnstruct :: learning using SM completed.
bnstruct :: learning network parameters ... 
bnstruct :: parameter learning done.
bnstruct :: learning the structure using SM ...
bnstruct :: learning using SM completed.
bnstruct :: learning network parameters ... 
bnstruct :: parameter learning done.
bnstruct :: learning the structure using SM ...
bnstruct :: learning using SM completed.
bnstruct :: learning network parameters ... 
bnstruct :: parameter learning done.
bnstruct :: learning the structure using SM ...
bnstruct :: learning using SM completed.
bnstruct :: learning network parameters ... 
bnstruct :: parameter learning done.
bnstruct :: learning the structure using SM ...
bnstruct :: learning using SM completed.
bnstruct :: learning network parameters ... 
bnstruct :: parameter learning done.
bnstruct :: learning the structure using SM ...
bnstruct :: learning using SM completed.
bnstruct :: learning network parameters ... 
bnstruct :: parameter learning done.
bnstruct :: learning the structure using SM ...
bnstruct :: learning using SM completed.
bnstruct :: learning network parameters ... 
bnstruct :: parameter learning done.
bnstruct :: learning the structure using SM ...
bnstruct :: learning using SM completed.
bnstruct :: learning network parameters ... 
bnstruct :: parameter learning done.
bnstruct :: learning the structure using SM ...
bnstruct :: learning using SM completed.
bnstruct :: learning network parameters ... 
bnstruct :: parameter learning done.
bnstruct :: learning the structure using SM ...
bnstruct :: learning using SM completed.
bnstruct :: learning network parameters ... 
bnstruct :: parameter learning done.
bnstruct :: learning the structure using SM ...
bnstruct :: learning using SM completed.
bnstruct :: learning network parameters ... 
bnstruct :: parameter learning done.
bnstruct :: learning the structure using SM ...
bnstruct :: learning using SM completed.
bnstruct :: learning network parameters ... 
bnstruct :: parameter learning done.
bnstruct :: learning the structure using SM ...
bnstruct :: learning using SM completed.
bnstruct :: learning network parameters ... 
bnstruct :: parameter learning done.
bnstruct :: learning the structure using SM ...
bnstruct :: learning using SM completed.
bnstruct :: learning network parameters ... 
bnstruct :: parameter learning done.
bnstruct :: learning the structure using SM ...
bnstruct :: learning using SM completed.
bnstruct :: learning network parameters ... 
bnstruct :: parameter learning done.
bnstruct :: learning the structure using SM ...
bnstruct :: learning using SM completed.
bnstruct :: learning network parameters ... 
bnstruct :: parameter learning done.
bnstruct :: learning the structure using SM ...
bnstruct :: learning using SM completed.
bnstruct :: learning network parameters ... 
bnstruct :: parameter learning done.
bnstruct :: learning the structure using SM ...
bnstruct :: learning using SM completed.
bnstruct :: learning network parameters ... 
bnstruct :: parameter learning done.
bnstruct :: learning the structure using SM ...
bnstruct :: learning using SM completed.
bnstruct :: learning network parameters ... 
bnstruct :: parameter learning done.
bnstruct :: learning the structure using SM ...
bnstruct :: learning using SM completed.
bnstruct :: learning network parameters ... 
bnstruct :: parameter learning done.
bnstruct :: learning the structure using SM ...
bnstruct :: learning using SM completed.
bnstruct :: learning network parameters ... 
bnstruct :: parameter learning done.
bnstruct :: learning the structure using SM ...
bnstruct :: learning using SM completed.
bnstruct :: learning network parameters ... 
bnstruct :: parameter learning done.
bnstruct :: learning the structure using SM ...
bnstruct :: learning using SM completed.
bnstruct :: learning network parameters ... 
bnstruct :: parameter learning done.
bnstruct :: learning the structure using SM ...
bnstruct :: learning using SM completed.
bnstruct :: learning network parameters ... 
bnstruct :: parameter learning done.
bnstruct :: learning the structure using SM ...
bnstruct :: learning using SM completed.
bnstruct :: learning network parameters ... 
bnstruct :: parameter learning done.
bnstruct :: learning the structure using SM ...
bnstruct :: learning using SM completed.
bnstruct :: learning network parameters ... 
bnstruct :: parameter learning done.
bnstruct :: learning the structure using SM ...
bnstruct :: learning using SM completed.
bnstruct :: learning network parameters ... 
bnstruct :: parameter learning done.
bnstruct :: learning the structure using SM ...
bnstruct :: learning using SM completed.
bnstruct :: learning network parameters ... 
bnstruct :: parameter learning done.
bnstruct :: learning the structure using SM ...
bnstruct :: learning using SM completed.
bnstruct :: learning network parameters ... 
bnstruct :: parameter learning done.
bnstruct :: learning the structure using SM ...
bnstruct :: learning using SM completed.
bnstruct :: learning network parameters ... 
bnstruct :: parameter learning done.
bnstruct :: learning the structure using SM ...
bnstruct :: learning using SM completed.
bnstruct :: learning network parameters ... 
bnstruct :: parameter learning done.
bnstruct :: learning the structure using SM ...
bnstruct :: learning using SM completed.
bnstruct :: learning network parameters ... 
bnstruct :: parameter learning done.
bnstruct :: learning the structure using SM ...
bnstruct :: learning using SM completed.
bnstruct :: learning network parameters ... 
bnstruct :: parameter learning done.
bnstruct :: learning the structure using SM ...
bnstruct :: learning using SM completed.
bnstruct :: learning network parameters ... 
bnstruct :: parameter learning done.
bnstruct :: learning the structure using SM ...
bnstruct :: learning using SM completed.
bnstruct :: learning network parameters ... 
bnstruct :: parameter learning done.
bnstruct :: learning the structure using SM ...
bnstruct :: learning using SM completed.
bnstruct :: learning network parameters ... 
bnstruct :: parameter learning done.
bnstruct :: learning the structure using SM ...
bnstruct :: learning using SM completed.
bnstruct :: learning network parameters ... 
bnstruct :: parameter learning done.
bnstruct :: learning the structure using SM ...
bnstruct :: learning using SM completed.
bnstruct :: learning network parameters ... 
bnstruct :: parameter learning done.
bnstruct :: learning the structure using SM ...
bnstruct :: learning using SM completed.
bnstruct :: learning network parameters ... 
bnstruct :: parameter learning done.
bnstruct :: learning the structure using SM ...
bnstruct :: learning using SM completed.
bnstruct :: learning network parameters ... 
bnstruct :: parameter learning done.
bnstruct :: learning the structure using SM ...
bnstruct :: learning using SM completed.
bnstruct :: learning network parameters ... 
bnstruct :: parameter learning done.
bnstruct :: learning the structure using SM ...
bnstruct :: learning using SM completed.
bnstruct :: learning network parameters ... 
bnstruct :: parameter learning done.
bnstruct :: learning the structure using SM ...
bnstruct :: learning using SM completed.
bnstruct :: learning network parameters ... 
bnstruct :: parameter learning done.
bnstruct :: learning the structure using SM ...
bnstruct :: learning using SM completed.
bnstruct :: learning network parameters ... 
bnstruct :: parameter learning done.
bnstruct :: learning the structure using SM ...
bnstruct :: learning using SM completed.
bnstruct :: learning network parameters ... 
bnstruct :: parameter learning done.
bnstruct :: learning the structure using SM ...
bnstruct :: learning using SM completed.
bnstruct :: learning network parameters ... 
bnstruct :: parameter learning done.
bnstruct :: learning the structure using SM ...
bnstruct :: learning using SM completed.
bnstruct :: learning network parameters ... 
bnstruct :: parameter learning done.
bnstruct :: learning the structure using SM ...
bnstruct :: learning using SM completed.
bnstruct :: learning network parameters ... 
bnstruct :: parameter learning done.
bnstruct :: learning the structure using SM ...
bnstruct :: learning using SM completed.
bnstruct :: learning network parameters ... 
bnstruct :: parameter learning done.
bnstruct :: learning the structure using SM ...
bnstruct :: learning using SM completed.
bnstruct :: learning network parameters ... 
bnstruct :: parameter learning done.
bnstruct :: learning the structure using SM ...
bnstruct :: learning using SM completed.
bnstruct :: learning network parameters ... 
bnstruct :: parameter learning done.
bnstruct :: learning the structure using SM ...
bnstruct :: learning using SM completed.
bnstruct :: learning network parameters ... 
bnstruct :: parameter learning done.
bnstruct :: learning the structure using SM ...
bnstruct :: learning using SM completed.
bnstruct :: learning network parameters ... 
bnstruct :: parameter learning done.
bnstruct :: learning the structure using SM ...
bnstruct :: learning using SM completed.
bnstruct :: learning network parameters ... 
bnstruct :: parameter learning done.
bnstruct :: learning the structure using SM ...
bnstruct :: learning using SM completed.
bnstruct :: learning network parameters ... 
bnstruct :: parameter learning done.
bnstruct :: learning the structure using SM ...
bnstruct :: learning using SM completed.
bnstruct :: learning network parameters ... 
bnstruct :: parameter learning done.
bnstruct :: learning the structure using SM ...
bnstruct :: learning using SM completed.
bnstruct :: learning network parameters ... 
bnstruct :: parameter learning done.
bnstruct :: learning the structure using SM ...
bnstruct :: learning using SM completed.
bnstruct :: learning network parameters ... 
bnstruct :: parameter learning done.
bnstruct :: learning the structure using SM ...
bnstruct :: learning using SM completed.
bnstruct :: learning network parameters ... 
bnstruct :: parameter learning done.
bnstruct :: learning the structure using SM ...
bnstruct :: learning using SM completed.
bnstruct :: learning network parameters ... 
bnstruct :: parameter learning done.
bnstruct :: learning the structure using SM ...
bnstruct :: learning using SM completed.
bnstruct :: learning network parameters ... 
bnstruct :: parameter learning done.
There were 50 or more warnings (use warnings() to see the first 50)
3.87user 0.13system 0:04.02elapsed 99%CPU (0avgtext+0avgdata 134512maxresident)k
0inputs+240outputs (0major+62834minor)pagefaults 0swaps
