
Welcome Saptarshi at Sun Aug 20 02:31:44 2017 
Loading required package: methods
Loading required package: graph
Loading required package: BiocGenerics
Loading required package: parallel

Attaching package: ‘BiocGenerics’

The following objects are masked from ‘package:parallel’:

    clusterApply, clusterApplyLB, clusterCall, clusterEvalQ,
    clusterExport, clusterMap, parApply, parCapply, parLapply,
    parLapplyLB, parRapply, parSapply, parSapplyLB

The following objects are masked from ‘package:stats’:

    IQR, mad, xtabs

The following objects are masked from ‘package:base’:

    anyDuplicated, append, as.data.frame, cbind, colnames, do.call,
    duplicated, eval, evalq, Filter, Find, get, grep, grepl, intersect,
    is.unsorted, lapply, lengths, Map, mapply, match, mget, order,
    paste, pmax, pmax.int, pmin, pmin.int, Position, rank, rbind,
    Reduce, rownames, sapply, setdiff, sort, table, tapply, union,
    unique, unsplit, which, which.max, which.min

Loading required package: grid

Attaching package: ‘bnlearn’

The following object is masked from ‘package:BiocGenerics’:

    score

The following object is masked from ‘package:minet’:

    aracne

The following object is masked from ‘package:stats’:

    sigma


Attaching package: ‘infotheo’

The following object is masked from ‘package:bnlearn’:

    discretize


Attaching package: ‘igraph’

The following objects are masked from ‘package:bnlearn’:

    compare, degree, path, subgraph

The following objects are masked from ‘package:graph’:

    degree, edges, intersection, union

The following objects are masked from ‘package:BiocGenerics’:

    normalize, union

The following objects are masked from ‘package:stats’:

    decompose, spectrum

The following object is masked from ‘package:base’:

    union

Loading required package: RoughSets
Loading required package: Rcpp
Loading required package: gRbase

Attaching package: ‘gRbase’

The following object is masked from ‘package:igraph’:

    %>%

The following objects are masked from ‘package:bnlearn’:

    ancestors, children, parents


Attaching package: ‘gRain’

The following object is masked from ‘package:igraph’:

    %>%

randomForest 4.6-12
Type rfNews() to see new features/changes/bug fixes.

Attaching package: ‘randomForest’

The following object is masked from ‘package:BiocGenerics’:

    combine

Loading required package: bitops
Loading required package: Matrix

Attaching package: ‘bnstruct’

The following objects are masked from ‘package:gRbase’:

    dag, observations, observations<-

The following objects are masked from ‘package:bnlearn’:

    impute, read.bif, read.dsc, read.net, shd, write.dsc

The following object is masked from ‘package:Rgraphviz’:

    name

Loading required package: iterators
bnstruct :: learning the structure using SM ...
bnstruct :: learning using SM completed.
bnstruct :: learning network parameters ... 
bnstruct :: parameter learning done.
bnstruct :: learning the structure using SM ...
bnstruct :: learning using SM completed.
bnstruct :: learning network parameters ... 
bnstruct :: parameter learning done.
bnstruct :: learning the structure using SM ...
bnstruct :: learning using SM completed.
bnstruct :: learning network parameters ... 
bnstruct :: parameter learning done.
bnstruct :: learning the structure using SM ...
bnstruct :: learning using SM completed.
bnstruct :: learning network parameters ... 
bnstruct :: parameter learning done.
bnstruct :: learning the structure using SM ...
bnstruct :: learning using SM completed.
bnstruct :: learning network parameters ... 
bnstruct :: parameter learning done.
bnstruct :: learning the structure using SM ...
bnstruct :: learning using SM completed.
bnstruct :: learning network parameters ... 
bnstruct :: parameter learning done.
bnstruct :: learning the structure using SM ...
bnstruct :: learning using SM completed.
bnstruct :: learning network parameters ... 
bnstruct :: parameter learning done.
bnstruct :: learning the structure using SM ...
bnstruct :: learning using SM completed.
bnstruct :: learning network parameters ... 
bnstruct :: parameter learning done.
bnstruct :: learning the structure using SM ...
bnstruct :: learning using SM completed.
bnstruct :: learning network parameters ... 
bnstruct :: parameter learning done.
bnstruct :: learning the structure using SM ...
bnstruct :: learning using SM completed.
bnstruct :: learning network parameters ... 
bnstruct :: parameter learning done.
bnstruct :: learning the structure using SM ...
bnstruct :: learning using SM completed.
bnstruct :: learning network parameters ... 
bnstruct :: parameter learning done.
bnstruct :: learning the structure using SM ...
bnstruct :: learning using SM completed.
bnstruct :: learning network parameters ... 
bnstruct :: parameter learning done.
bnstruct :: learning the structure using SM ...
bnstruct :: learning using SM completed.
bnstruct :: learning network parameters ... 
bnstruct :: parameter learning done.
bnstruct :: learning the structure using SM ...
bnstruct :: learning using SM completed.
bnstruct :: learning network parameters ... 
bnstruct :: parameter learning done.
bnstruct :: learning the structure using SM ...
bnstruct :: learning using SM completed.
bnstruct :: learning network parameters ... 
bnstruct :: parameter learning done.
bnstruct :: learning the structure using SM ...
bnstruct :: learning using SM completed.
bnstruct :: learning network parameters ... 
bnstruct :: parameter learning done.
bnstruct :: learning the structure using SM ...
bnstruct :: learning using SM completed.
bnstruct :: learning network parameters ... 
bnstruct :: parameter learning done.
bnstruct :: learning the structure using SM ...
bnstruct :: learning using SM completed.
bnstruct :: learning network parameters ... 
bnstruct :: parameter learning done.
bnstruct :: learning the structure using SM ...
bnstruct :: learning using SM completed.
bnstruct :: learning network parameters ... 
bnstruct :: parameter learning done.
bnstruct :: learning the structure using SM ...
bnstruct :: learning using SM completed.
bnstruct :: learning network parameters ... 
bnstruct :: parameter learning done.
bnstruct :: learning the structure using SM ...
bnstruct :: learning using SM completed.
bnstruct :: learning network parameters ... 
bnstruct :: parameter learning done.
bnstruct :: learning the structure using SM ...
bnstruct :: learning using SM completed.
bnstruct :: learning network parameters ... 
bnstruct :: parameter learning done.
bnstruct :: learning the structure using SM ...
bnstruct :: learning using SM completed.
bnstruct :: learning network parameters ... 
bnstruct :: parameter learning done.
bnstruct :: learning the structure using SM ...
bnstruct :: learning using SM completed.
bnstruct :: learning network parameters ... 
bnstruct :: parameter learning done.
bnstruct :: learning the structure using SM ...
bnstruct :: learning using SM completed.
bnstruct :: learning network parameters ... 
bnstruct :: parameter learning done.
bnstruct :: learning the structure using SM ...
bnstruct :: learning using SM completed.
bnstruct :: learning network parameters ... 
bnstruct :: parameter learning done.
bnstruct :: learning the structure using SM ...
bnstruct :: learning using SM completed.
bnstruct :: learning network parameters ... 
bnstruct :: parameter learning done.
bnstruct :: learning the structure using SM ...
bnstruct :: learning using SM completed.
bnstruct :: learning network parameters ... 
bnstruct :: parameter learning done.
bnstruct :: learning the structure using SM ...
bnstruct :: learning using SM completed.
bnstruct :: learning network parameters ... 
bnstruct :: parameter learning done.
bnstruct :: learning the structure using SM ...
bnstruct :: learning using SM completed.
bnstruct :: learning network parameters ... 
bnstruct :: parameter learning done.
bnstruct :: learning the structure using SM ...
bnstruct :: learning using SM completed.
bnstruct :: learning network parameters ... 
bnstruct :: parameter learning done.
bnstruct :: learning the structure using SM ...
bnstruct :: learning using SM completed.
bnstruct :: learning network parameters ... 
bnstruct :: parameter learning done.
bnstruct :: learning the structure using SM ...
bnstruct :: learning using SM completed.
bnstruct :: learning network parameters ... 
bnstruct :: parameter learning done.
bnstruct :: learning the structure using SM ...
bnstruct :: learning using SM completed.
bnstruct :: learning network parameters ... 
bnstruct :: parameter learning done.
bnstruct :: learning the structure using SM ...
bnstruct :: learning using SM completed.
bnstruct :: learning network parameters ... 
bnstruct :: parameter learning done.
bnstruct :: learning the structure using SM ...
bnstruct :: learning using SM completed.
bnstruct :: learning network parameters ... 
bnstruct :: parameter learning done.
bnstruct :: learning the structure using SM ...
bnstruct :: learning using SM completed.
bnstruct :: learning network parameters ... 
bnstruct :: parameter learning done.
bnstruct :: learning the structure using SM ...
bnstruct :: learning using SM completed.
bnstruct :: learning network parameters ... 
bnstruct :: parameter learning done.
bnstruct :: learning the structure using SM ...
bnstruct :: learning using SM completed.
bnstruct :: learning network parameters ... 
bnstruct :: parameter learning done.
bnstruct :: learning the structure using SM ...
bnstruct :: learning using SM completed.
bnstruct :: learning network parameters ... 
bnstruct :: parameter learning done.
bnstruct :: learning the structure using SM ...
bnstruct :: learning using SM completed.
bnstruct :: learning network parameters ... 
bnstruct :: parameter learning done.
bnstruct :: learning the structure using SM ...
bnstruct :: learning using SM completed.
bnstruct :: learning network parameters ... 
bnstruct :: parameter learning done.
bnstruct :: learning the structure using SM ...
bnstruct :: learning using SM completed.
bnstruct :: learning network parameters ... 
bnstruct :: parameter learning done.
bnstruct :: learning the structure using SM ...
bnstruct :: learning using SM completed.
bnstruct :: learning network parameters ... 
bnstruct :: parameter learning done.
bnstruct :: learning the structure using SM ...
bnstruct :: learning using SM completed.
bnstruct :: learning network parameters ... 
bnstruct :: parameter learning done.
bnstruct :: learning the structure using SM ...
bnstruct :: learning using SM completed.
bnstruct :: learning network parameters ... 
bnstruct :: parameter learning done.
bnstruct :: learning the structure using SM ...
bnstruct :: learning using SM completed.
bnstruct :: learning network parameters ... 
bnstruct :: parameter learning done.
bnstruct :: learning the structure using SM ...
bnstruct :: learning using SM completed.
bnstruct :: learning network parameters ... 
bnstruct :: parameter learning done.
bnstruct :: learning the structure using SM ...
bnstruct :: learning using SM completed.
bnstruct :: learning network parameters ... 
bnstruct :: parameter learning done.
bnstruct :: learning the structure using SM ...
bnstruct :: learning using SM completed.
bnstruct :: learning network parameters ... 
bnstruct :: parameter learning done.
bnstruct :: learning the structure using SM ...
bnstruct :: learning using SM completed.
bnstruct :: learning network parameters ... 
bnstruct :: parameter learning done.
bnstruct :: learning the structure using SM ...
bnstruct :: learning using SM completed.
bnstruct :: learning network parameters ... 
bnstruct :: parameter learning done.
bnstruct :: learning the structure using SM ...
bnstruct :: learning using SM completed.
bnstruct :: learning network parameters ... 
bnstruct :: parameter learning done.
bnstruct :: learning the structure using SM ...
bnstruct :: learning using SM completed.
bnstruct :: learning network parameters ... 
bnstruct :: parameter learning done.
bnstruct :: learning the structure using SM ...
bnstruct :: learning using SM completed.
bnstruct :: learning network parameters ... 
bnstruct :: parameter learning done.
bnstruct :: learning the structure using SM ...
bnstruct :: learning using SM completed.
bnstruct :: learning network parameters ... 
bnstruct :: parameter learning done.
bnstruct :: learning the structure using SM ...
bnstruct :: learning using SM completed.
bnstruct :: learning network parameters ... 
bnstruct :: parameter learning done.
bnstruct :: learning the structure using SM ...
bnstruct :: learning using SM completed.
bnstruct :: learning network parameters ... 
bnstruct :: parameter learning done.
bnstruct :: learning the structure using SM ...
bnstruct :: learning using SM completed.
bnstruct :: learning network parameters ... 
bnstruct :: parameter learning done.
bnstruct :: learning the structure using SM ...
bnstruct :: learning using SM completed.
bnstruct :: learning network parameters ... 
bnstruct :: parameter learning done.
bnstruct :: learning the structure using SM ...
bnstruct :: learning using SM completed.
bnstruct :: learning network parameters ... 
bnstruct :: parameter learning done.
bnstruct :: learning the structure using SM ...
bnstruct :: learning using SM completed.
bnstruct :: learning network parameters ... 
bnstruct :: parameter learning done.
bnstruct :: learning the structure using SM ...
bnstruct :: learning using SM completed.
bnstruct :: learning network parameters ... 
bnstruct :: parameter learning done.
bnstruct :: learning the structure using SM ...
bnstruct :: learning using SM completed.
bnstruct :: learning network parameters ... 
bnstruct :: parameter learning done.
bnstruct :: learning the structure using SM ...
bnstruct :: learning using SM completed.
bnstruct :: learning network parameters ... 
bnstruct :: parameter learning done.
bnstruct :: learning the structure using SM ...
bnstruct :: learning using SM completed.
bnstruct :: learning network parameters ... 
bnstruct :: parameter learning done.
bnstruct :: learning the structure using SM ...
bnstruct :: learning using SM completed.
bnstruct :: learning network parameters ... 
bnstruct :: parameter learning done.
bnstruct :: learning the structure using SM ...
bnstruct :: learning using SM completed.
bnstruct :: learning network parameters ... 
bnstruct :: parameter learning done.
bnstruct :: learning the structure using SM ...
bnstruct :: learning using SM completed.
bnstruct :: learning network parameters ... 
bnstruct :: parameter learning done.
bnstruct :: learning the structure using SM ...
bnstruct :: learning using SM completed.
bnstruct :: learning network parameters ... 
bnstruct :: parameter learning done.
bnstruct :: learning the structure using SM ...
bnstruct :: learning using SM completed.
bnstruct :: learning network parameters ... 
bnstruct :: parameter learning done.
bnstruct :: learning the structure using SM ...
bnstruct :: learning using SM completed.
bnstruct :: learning network parameters ... 
bnstruct :: parameter learning done.
bnstruct :: learning the structure using SM ...
bnstruct :: learning using SM completed.
bnstruct :: learning network parameters ... 
bnstruct :: parameter learning done.
bnstruct :: learning the structure using SM ...
bnstruct :: learning using SM completed.
bnstruct :: learning network parameters ... 
bnstruct :: parameter learning done.
bnstruct :: learning the structure using SM ...
bnstruct :: learning using SM completed.
bnstruct :: learning network parameters ... 
bnstruct :: parameter learning done.
bnstruct :: learning the structure using SM ...
bnstruct :: learning using SM completed.
bnstruct :: learning network parameters ... 
bnstruct :: parameter learning done.
bnstruct :: learning the structure using SM ...
bnstruct :: learning using SM completed.
bnstruct :: learning network parameters ... 
bnstruct :: parameter learning done.
bnstruct :: learning the structure using SM ...
bnstruct :: learning using SM completed.
bnstruct :: learning network parameters ... 
bnstruct :: parameter learning done.
bnstruct :: learning the structure using SM ...
bnstruct :: learning using SM completed.
bnstruct :: learning network parameters ... 
bnstruct :: parameter learning done.
bnstruct :: learning the structure using SM ...
bnstruct :: learning using SM completed.
bnstruct :: learning network parameters ... 
bnstruct :: parameter learning done.
bnstruct :: learning the structure using SM ...
bnstruct :: learning using SM completed.
bnstruct :: learning network parameters ... 
bnstruct :: parameter learning done.
bnstruct :: learning the structure using SM ...
bnstruct :: learning using SM completed.
bnstruct :: learning network parameters ... 
bnstruct :: parameter learning done.
bnstruct :: learning the structure using SM ...
bnstruct :: learning using SM completed.
bnstruct :: learning network parameters ... 
bnstruct :: parameter learning done.
bnstruct :: learning the structure using SM ...
bnstruct :: learning using SM completed.
bnstruct :: learning network parameters ... 
bnstruct :: parameter learning done.
bnstruct :: learning the structure using SM ...
bnstruct :: learning using SM completed.
bnstruct :: learning network parameters ... 
bnstruct :: parameter learning done.
bnstruct :: learning the structure using SM ...
bnstruct :: learning using SM completed.
bnstruct :: learning network parameters ... 
bnstruct :: parameter learning done.
bnstruct :: learning the structure using SM ...
bnstruct :: learning using SM completed.
bnstruct :: learning network parameters ... 
bnstruct :: parameter learning done.
bnstruct :: learning the structure using SM ...
bnstruct :: learning using SM completed.
bnstruct :: learning network parameters ... 
bnstruct :: parameter learning done.
bnstruct :: learning the structure using SM ...
bnstruct :: learning using SM completed.
bnstruct :: learning network parameters ... 
bnstruct :: parameter learning done.
bnstruct :: learning the structure using SM ...
bnstruct :: learning using SM completed.
bnstruct :: learning network parameters ... 
bnstruct :: parameter learning done.
bnstruct :: learning the structure using SM ...
bnstruct :: learning using SM completed.
bnstruct :: learning network parameters ... 
bnstruct :: parameter learning done.
bnstruct :: learning the structure using SM ...
bnstruct :: learning using SM completed.
bnstruct :: learning network parameters ... 
bnstruct :: parameter learning done.
bnstruct :: learning the structure using SM ...
bnstruct :: learning using SM completed.
bnstruct :: learning network parameters ... 
bnstruct :: parameter learning done.
bnstruct :: learning the structure using SM ...
bnstruct :: learning using SM completed.
bnstruct :: learning network parameters ... 
bnstruct :: parameter learning done.
bnstruct :: learning the structure using SM ...
bnstruct :: learning using SM completed.
bnstruct :: learning network parameters ... 
bnstruct :: parameter learning done.
bnstruct :: learning the structure using SM ...
bnstruct :: learning using SM completed.
bnstruct :: learning network parameters ... 
bnstruct :: parameter learning done.
bnstruct :: learning the structure using SM ...
bnstruct :: learning using SM completed.
bnstruct :: learning network parameters ... 
bnstruct :: parameter learning done.
bnstruct :: learning the structure using SM ...
bnstruct :: learning using SM completed.
bnstruct :: learning network parameters ... 
bnstruct :: parameter learning done.
bnstruct :: learning the structure using SM ...
bnstruct :: learning using SM completed.
bnstruct :: learning network parameters ... 
bnstruct :: parameter learning done.
bnstruct :: learning the structure using SM ...
bnstruct :: learning using SM completed.
bnstruct :: learning network parameters ... 
bnstruct :: parameter learning done.
bnstruct :: learning the structure using SM ...
bnstruct :: learning using SM completed.
bnstruct :: learning network parameters ... 
bnstruct :: parameter learning done.
bnstruct :: learning the structure using SM ...
bnstruct :: learning using SM completed.
bnstruct :: learning network parameters ... 
bnstruct :: parameter learning done.
bnstruct :: learning the structure using SM ...
bnstruct :: learning using SM completed.
bnstruct :: learning network parameters ... 
bnstruct :: parameter learning done.
bnstruct :: learning the structure using SM ...
bnstruct :: learning using SM completed.
bnstruct :: learning network parameters ... 
bnstruct :: parameter learning done.
bnstruct :: learning the structure using SM ...
bnstruct :: learning using SM completed.
bnstruct :: learning network parameters ... 
bnstruct :: parameter learning done.
bnstruct :: learning the structure using SM ...
bnstruct :: learning using SM completed.
bnstruct :: learning network parameters ... 
bnstruct :: parameter learning done.
bnstruct :: learning the structure using SM ...
bnstruct :: learning using SM completed.
bnstruct :: learning network parameters ... 
bnstruct :: parameter learning done.
bnstruct :: learning the structure using SM ...
bnstruct :: learning using SM completed.
bnstruct :: learning network parameters ... 
bnstruct :: parameter learning done.
bnstruct :: learning the structure using SM ...
bnstruct :: learning using SM completed.
bnstruct :: learning network parameters ... 
bnstruct :: parameter learning done.
bnstruct :: learning the structure using SM ...
bnstruct :: learning using SM completed.
bnstruct :: learning network parameters ... 
bnstruct :: parameter learning done.
bnstruct :: learning the structure using SM ...
bnstruct :: learning using SM completed.
bnstruct :: learning network parameters ... 
bnstruct :: parameter learning done.
bnstruct :: learning the structure using SM ...
bnstruct :: learning using SM completed.
bnstruct :: learning network parameters ... 
bnstruct :: parameter learning done.
bnstruct :: learning the structure using SM ...
bnstruct :: learning using SM completed.
bnstruct :: learning network parameters ... 
bnstruct :: parameter learning done.
bnstruct :: learning the structure using SM ...
bnstruct :: learning using SM completed.
bnstruct :: learning network parameters ... 
bnstruct :: parameter learning done.
bnstruct :: learning the structure using SM ...
bnstruct :: learning using SM completed.
bnstruct :: learning network parameters ... 
bnstruct :: parameter learning done.
bnstruct :: learning the structure using SM ...
bnstruct :: learning using SM completed.
bnstruct :: learning network parameters ... 
bnstruct :: parameter learning done.
bnstruct :: learning the structure using SM ...
bnstruct :: learning using SM completed.
bnstruct :: learning network parameters ... 
bnstruct :: parameter learning done.
bnstruct :: learning the structure using SM ...
bnstruct :: learning using SM completed.
bnstruct :: learning network parameters ... 
bnstruct :: parameter learning done.
bnstruct :: learning the structure using SM ...
bnstruct :: learning using SM completed.
bnstruct :: learning network parameters ... 
bnstruct :: parameter learning done.
bnstruct :: learning the structure using SM ...
bnstruct :: learning using SM completed.
bnstruct :: learning network parameters ... 
bnstruct :: parameter learning done.
bnstruct :: learning the structure using SM ...
bnstruct :: learning using SM completed.
bnstruct :: learning network parameters ... 
bnstruct :: parameter learning done.
bnstruct :: learning the structure using SM ...
bnstruct :: learning using SM completed.
bnstruct :: learning network parameters ... 
bnstruct :: parameter learning done.
bnstruct :: learning the structure using SM ...
bnstruct :: learning using SM completed.
bnstruct :: learning network parameters ... 
bnstruct :: parameter learning done.
bnstruct :: learning the structure using SM ...
bnstruct :: learning using SM completed.
bnstruct :: learning network parameters ... 
bnstruct :: parameter learning done.
bnstruct :: learning the structure using SM ...
bnstruct :: learning using SM completed.
bnstruct :: learning network parameters ... 
bnstruct :: parameter learning done.
bnstruct :: learning the structure using SM ...
bnstruct :: learning using SM completed.
bnstruct :: learning network parameters ... 
bnstruct :: parameter learning done.
bnstruct :: learning the structure using SM ...
bnstruct :: learning using SM completed.
bnstruct :: learning network parameters ... 
bnstruct :: parameter learning done.
bnstruct :: learning the structure using SM ...
bnstruct :: learning using SM completed.
bnstruct :: learning network parameters ... 
bnstruct :: parameter learning done.
bnstruct :: learning the structure using SM ...
bnstruct :: learning using SM completed.
bnstruct :: learning network parameters ... 
bnstruct :: parameter learning done.
bnstruct :: learning the structure using SM ...
bnstruct :: learning using SM completed.
bnstruct :: learning network parameters ... 
bnstruct :: parameter learning done.
bnstruct :: learning the structure using SM ...
bnstruct :: learning using SM completed.
bnstruct :: learning network parameters ... 
bnstruct :: parameter learning done.
bnstruct :: learning the structure using SM ...
bnstruct :: learning using SM completed.
bnstruct :: learning network parameters ... 
bnstruct :: parameter learning done.
bnstruct :: learning the structure using SM ...
bnstruct :: learning using SM completed.
bnstruct :: learning network parameters ... 
bnstruct :: parameter learning done.
bnstruct :: learning the structure using SM ...
bnstruct :: learning using SM completed.
bnstruct :: learning network parameters ... 
bnstruct :: parameter learning done.
bnstruct :: learning the structure using SM ...
bnstruct :: learning using SM completed.
bnstruct :: learning network parameters ... 
bnstruct :: parameter learning done.
bnstruct :: learning the structure using SM ...
bnstruct :: learning using SM completed.
bnstruct :: learning network parameters ... 
bnstruct :: parameter learning done.
bnstruct :: learning the structure using SM ...
bnstruct :: learning using SM completed.
bnstruct :: learning network parameters ... 
bnstruct :: parameter learning done.
bnstruct :: learning the structure using SM ...
bnstruct :: learning using SM completed.
bnstruct :: learning network parameters ... 
bnstruct :: parameter learning done.
bnstruct :: learning the structure using SM ...
bnstruct :: learning using SM completed.
bnstruct :: learning network parameters ... 
bnstruct :: parameter learning done.
bnstruct :: learning the structure using SM ...
bnstruct :: learning using SM completed.
bnstruct :: learning network parameters ... 
bnstruct :: parameter learning done.
bnstruct :: learning the structure using SM ...
bnstruct :: learning using SM completed.
bnstruct :: learning network parameters ... 
bnstruct :: parameter learning done.
bnstruct :: learning the structure using SM ...
bnstruct :: learning using SM completed.
bnstruct :: learning network parameters ... 
bnstruct :: parameter learning done.
bnstruct :: learning the structure using SM ...
bnstruct :: learning using SM completed.
bnstruct :: learning network parameters ... 
bnstruct :: parameter learning done.
bnstruct :: learning the structure using SM ...
bnstruct :: learning using SM completed.
bnstruct :: learning network parameters ... 
bnstruct :: parameter learning done.
bnstruct :: learning the structure using SM ...
bnstruct :: learning using SM completed.
bnstruct :: learning network parameters ... 
bnstruct :: parameter learning done.
bnstruct :: learning the structure using SM ...
bnstruct :: learning using SM completed.
bnstruct :: learning network parameters ... 
bnstruct :: parameter learning done.
bnstruct :: learning the structure using SM ...
bnstruct :: learning using SM completed.
bnstruct :: learning network parameters ... 
bnstruct :: parameter learning done.
bnstruct :: learning the structure using SM ...
bnstruct :: learning using SM completed.
bnstruct :: learning network parameters ... 
bnstruct :: parameter learning done.
bnstruct :: learning the structure using SM ...
bnstruct :: learning using SM completed.
bnstruct :: learning network parameters ... 
bnstruct :: parameter learning done.
bnstruct :: learning the structure using SM ...
bnstruct :: learning using SM completed.
bnstruct :: learning network parameters ... 
bnstruct :: parameter learning done.
bnstruct :: learning the structure using SM ...
bnstruct :: learning using SM completed.
bnstruct :: learning network parameters ... 
bnstruct :: parameter learning done.
bnstruct :: learning the structure using SM ...
bnstruct :: learning using SM completed.
bnstruct :: learning network parameters ... 
bnstruct :: parameter learning done.
bnstruct :: learning the structure using SM ...
bnstruct :: learning using SM completed.
bnstruct :: learning network parameters ... 
bnstruct :: parameter learning done.
bnstruct :: learning the structure using SM ...
bnstruct :: learning using SM completed.
bnstruct :: learning network parameters ... 
bnstruct :: parameter learning done.
bnstruct :: learning the structure using SM ...
bnstruct :: learning using SM completed.
bnstruct :: learning network parameters ... 
bnstruct :: parameter learning done.
bnstruct :: learning the structure using SM ...
bnstruct :: learning using SM completed.
bnstruct :: learning network parameters ... 
bnstruct :: parameter learning done.
bnstruct :: learning the structure using SM ...
bnstruct :: learning using SM completed.
bnstruct :: learning network parameters ... 
bnstruct :: parameter learning done.
bnstruct :: learning the structure using SM ...
bnstruct :: learning using SM completed.
bnstruct :: learning network parameters ... 
bnstruct :: parameter learning done.
bnstruct :: learning the structure using SM ...
bnstruct :: learning using SM completed.
bnstruct :: learning network parameters ... 
bnstruct :: parameter learning done.
bnstruct :: learning the structure using SM ...
bnstruct :: learning using SM completed.
bnstruct :: learning network parameters ... 
bnstruct :: parameter learning done.
bnstruct :: learning the structure using SM ...
bnstruct :: learning using SM completed.
bnstruct :: learning network parameters ... 
bnstruct :: parameter learning done.
bnstruct :: learning the structure using SM ...
bnstruct :: learning using SM completed.
bnstruct :: learning network parameters ... 
bnstruct :: parameter learning done.
bnstruct :: learning the structure using SM ...
bnstruct :: learning using SM completed.
bnstruct :: learning network parameters ... 
bnstruct :: parameter learning done.
bnstruct :: learning the structure using SM ...
bnstruct :: learning using SM completed.
bnstruct :: learning network parameters ... 
bnstruct :: parameter learning done.
bnstruct :: learning the structure using SM ...
bnstruct :: learning using SM completed.
bnstruct :: learning network parameters ... 
bnstruct :: parameter learning done.
bnstruct :: learning the structure using SM ...
bnstruct :: learning using SM completed.
bnstruct :: learning network parameters ... 
bnstruct :: parameter learning done.
bnstruct :: learning the structure using SM ...
bnstruct :: learning using SM completed.
bnstruct :: learning network parameters ... 
bnstruct :: parameter learning done.
bnstruct :: learning the structure using SM ...
bnstruct :: learning using SM completed.
bnstruct :: learning network parameters ... 
bnstruct :: parameter learning done.
bnstruct :: learning the structure using SM ...
bnstruct :: learning using SM completed.
bnstruct :: learning network parameters ... 
bnstruct :: parameter learning done.
bnstruct :: learning the structure using SM ...
bnstruct :: learning using SM completed.
bnstruct :: learning network parameters ... 
bnstruct :: parameter learning done.
bnstruct :: learning the structure using SM ...
bnstruct :: learning using SM completed.
bnstruct :: learning network parameters ... 
bnstruct :: parameter learning done.
bnstruct :: learning the structure using SM ...
bnstruct :: learning using SM completed.
bnstruct :: learning network parameters ... 
bnstruct :: parameter learning done.
bnstruct :: learning the structure using SM ...
bnstruct :: learning using SM completed.
bnstruct :: learning network parameters ... 
bnstruct :: parameter learning done.
bnstruct :: learning the structure using SM ...
bnstruct :: learning using SM completed.
bnstruct :: learning network parameters ... 
bnstruct :: parameter learning done.
bnstruct :: learning the structure using SM ...
bnstruct :: learning using SM completed.
bnstruct :: learning network parameters ... 
bnstruct :: parameter learning done.
bnstruct :: learning the structure using SM ...
bnstruct :: learning using SM completed.
bnstruct :: learning network parameters ... 
bnstruct :: parameter learning done.
bnstruct :: learning the structure using SM ...
bnstruct :: learning using SM completed.
bnstruct :: learning network parameters ... 
bnstruct :: parameter learning done.
bnstruct :: learning the structure using SM ...
bnstruct :: learning using SM completed.
bnstruct :: learning network parameters ... 
bnstruct :: parameter learning done.
bnstruct :: learning the structure using SM ...
bnstruct :: learning using SM completed.
bnstruct :: learning network parameters ... 
bnstruct :: parameter learning done.
bnstruct :: learning the structure using SM ...
bnstruct :: learning using SM completed.
bnstruct :: learning network parameters ... 
bnstruct :: parameter learning done.
bnstruct :: learning the structure using SM ...
bnstruct :: learning using SM completed.
bnstruct :: learning network parameters ... 
bnstruct :: parameter learning done.
bnstruct :: learning the structure using SM ...
bnstruct :: learning using SM completed.
bnstruct :: learning network parameters ... 
bnstruct :: parameter learning done.
bnstruct :: learning the structure using SM ...
bnstruct :: learning using SM completed.
bnstruct :: learning network parameters ... 
bnstruct :: parameter learning done.
bnstruct :: learning the structure using SM ...
bnstruct :: learning using SM completed.
bnstruct :: learning network parameters ... 
bnstruct :: parameter learning done.
bnstruct :: learning the structure using SM ...
bnstruct :: learning using SM completed.
bnstruct :: learning network parameters ... 
bnstruct :: parameter learning done.
bnstruct :: learning the structure using SM ...
bnstruct :: learning using SM completed.
bnstruct :: learning network parameters ... 
bnstruct :: parameter learning done.
bnstruct :: learning the structure using SM ...
bnstruct :: learning using SM completed.
bnstruct :: learning network parameters ... 
bnstruct :: parameter learning done.
bnstruct :: learning the structure using SM ...
bnstruct :: learning using SM completed.
bnstruct :: learning network parameters ... 
bnstruct :: parameter learning done.
bnstruct :: learning the structure using SM ...
bnstruct :: learning using SM completed.
bnstruct :: learning network parameters ... 
bnstruct :: parameter learning done.
bnstruct :: learning the structure using SM ...
bnstruct :: learning using SM completed.
bnstruct :: learning network parameters ... 
bnstruct :: parameter learning done.
bnstruct :: learning the structure using SM ...
bnstruct :: learning using SM completed.
bnstruct :: learning network parameters ... 
bnstruct :: parameter learning done.
bnstruct :: learning the structure using SM ...
bnstruct :: learning using SM completed.
bnstruct :: learning network parameters ... 
bnstruct :: parameter learning done.
bnstruct :: learning the structure using SM ...
bnstruct :: learning using SM completed.
bnstruct :: learning network parameters ... 
bnstruct :: parameter learning done.
bnstruct :: learning the structure using SM ...
bnstruct :: learning using SM completed.
bnstruct :: learning network parameters ... 
bnstruct :: parameter learning done.
bnstruct :: learning the structure using SM ...
bnstruct :: learning using SM completed.
bnstruct :: learning network parameters ... 
bnstruct :: parameter learning done.
bnstruct :: learning the structure using SM ...
bnstruct :: learning using SM completed.
bnstruct :: learning network parameters ... 
bnstruct :: parameter learning done.
bnstruct :: learning the structure using SM ...
bnstruct :: learning using SM completed.
bnstruct :: learning network parameters ... 
bnstruct :: parameter learning done.
bnstruct :: learning the structure using SM ...
bnstruct :: learning using SM completed.
bnstruct :: learning network parameters ... 
bnstruct :: parameter learning done.
bnstruct :: learning the structure using SM ...
bnstruct :: learning using SM completed.
bnstruct :: learning network parameters ... 
bnstruct :: parameter learning done.
bnstruct :: learning the structure using SM ...
bnstruct :: learning using SM completed.
bnstruct :: learning network parameters ... 
bnstruct :: parameter learning done.
There were 50 or more warnings (use warnings() to see the first 50)
