
Welcome Saptarshi at Thu Nov  2 16:51:56 2017 
[1] "The output directory name is:"
[1] "/home/saptarshi/R/R-3.3.2/projects/repoTBN/asset/output20171102165156"
[1] ""
Loading required package: bitops
Loading required package: Matrix
Loading required package: igraph
Loading required package: methods

Attaching package: ‘igraph’

The following objects are masked from ‘package:stats’:

    decompose, spectrum

The following object is masked from ‘package:base’:

    union

Loading required package: iterators
Loading required package: parallel
bnstruct :: learning the structure using SM ...
bnstruct :: learning using SM completed.
bnstruct :: learning network parameters ... 
bnstruct :: parameter learning done.
bnstruct :: learning the structure using SM ...
bnstruct :: learning using SM completed.
bnstruct :: learning network parameters ... 
bnstruct :: parameter learning done.
bnstruct :: learning the structure using SM ...
bnstruct :: learning using SM completed.
bnstruct :: learning network parameters ... 
bnstruct :: parameter learning done.
bnstruct :: learning the structure using SM ...
bnstruct :: learning using SM completed.
bnstruct :: learning network parameters ... 
bnstruct :: parameter learning done.
bnstruct :: learning the structure using SM ...
bnstruct :: learning using SM completed.
bnstruct :: learning network parameters ... 
bnstruct :: parameter learning done.
bnstruct :: learning the structure using SM ...
bnstruct :: learning using SM completed.
bnstruct :: learning network parameters ... 
bnstruct :: parameter learning done.
bnstruct :: learning the structure using SM ...
bnstruct :: learning using SM completed.
bnstruct :: learning network parameters ... 
bnstruct :: parameter learning done.
bnstruct :: learning the structure using SM ...
bnstruct :: learning using SM completed.
bnstruct :: learning network parameters ... 
bnstruct :: parameter learning done.
bnstruct :: learning the structure using SM ...
bnstruct :: learning using SM completed.
bnstruct :: learning network parameters ... 
bnstruct :: parameter learning done.
bnstruct :: learning the structure using SM ...
bnstruct :: learning using SM completed.
bnstruct :: learning network parameters ... 
bnstruct :: parameter learning done.
bnstruct :: learning the structure using SM ...
bnstruct :: learning using SM completed.
bnstruct :: learning network parameters ... 
bnstruct :: parameter learning done.
bnstruct :: learning the structure using SM ...
bnstruct :: learning using SM completed.
bnstruct :: learning network parameters ... 
bnstruct :: parameter learning done.
bnstruct :: learning the structure using SM ...
bnstruct :: learning using SM completed.
bnstruct :: learning network parameters ... 
bnstruct :: parameter learning done.
bnstruct :: learning the structure using SM ...
bnstruct :: learning using SM completed.
bnstruct :: learning network parameters ... 
bnstruct :: parameter learning done.
bnstruct :: learning the structure using SM ...
bnstruct :: learning using SM completed.
bnstruct :: learning network parameters ... 
bnstruct :: parameter learning done.
bnstruct :: learning the structure using SM ...
bnstruct :: learning using SM completed.
bnstruct :: learning network parameters ... 
bnstruct :: parameter learning done.
bnstruct :: learning the structure using SM ...
bnstruct :: learning using SM completed.
bnstruct :: learning network parameters ... 
bnstruct :: parameter learning done.
bnstruct :: learning the structure using SM ...
bnstruct :: learning using SM completed.
bnstruct :: learning network parameters ... 
bnstruct :: parameter learning done.
bnstruct :: learning the structure using SM ...
bnstruct :: learning using SM completed.
bnstruct :: learning network parameters ... 
bnstruct :: parameter learning done.
bnstruct :: learning the structure using SM ...
bnstruct :: learning using SM completed.
bnstruct :: learning network parameters ... 
bnstruct :: parameter learning done.
bnstruct :: learning the structure using SM ...
bnstruct :: learning using SM completed.
bnstruct :: learning network parameters ... 
bnstruct :: parameter learning done.
bnstruct :: learning the structure using SM ...
bnstruct :: learning using SM completed.
bnstruct :: learning network parameters ... 
bnstruct :: parameter learning done.
bnstruct :: learning the structure using SM ...
bnstruct :: learning using SM completed.
bnstruct :: learning network parameters ... 
bnstruct :: parameter learning done.
bnstruct :: learning the structure using SM ...
bnstruct :: learning using SM completed.
bnstruct :: learning network parameters ... 
bnstruct :: parameter learning done.
bnstruct :: learning the structure using SM ...
bnstruct :: learning using SM completed.
bnstruct :: learning network parameters ... 
bnstruct :: parameter learning done.
bnstruct :: learning the structure using SM ...
bnstruct :: learning using SM completed.
bnstruct :: learning network parameters ... 
bnstruct :: parameter learning done.
bnstruct :: learning the structure using SM ...
bnstruct :: learning using SM completed.
bnstruct :: learning network parameters ... 
bnstruct :: parameter learning done.
bnstruct :: learning the structure using SM ...
bnstruct :: learning using SM completed.
bnstruct :: learning network parameters ... 
bnstruct :: parameter learning done.
bnstruct :: learning the structure using SM ...
bnstruct :: learning using SM completed.
bnstruct :: learning network parameters ... 
bnstruct :: parameter learning done.
bnstruct :: learning the structure using SM ...
bnstruct :: learning using SM completed.
bnstruct :: learning network parameters ... 
bnstruct :: parameter learning done.
bnstruct :: learning the structure using SM ...
bnstruct :: learning using SM completed.
bnstruct :: learning network parameters ... 
bnstruct :: parameter learning done.
bnstruct :: learning the structure using SM ...
bnstruct :: learning using SM completed.
bnstruct :: learning network parameters ... 
bnstruct :: parameter learning done.
bnstruct :: learning the structure using SM ...
bnstruct :: learning using SM completed.
bnstruct :: learning network parameters ... 
bnstruct :: parameter learning done.
bnstruct :: learning the structure using SM ...
bnstruct :: learning using SM completed.
bnstruct :: learning network parameters ... 
bnstruct :: parameter learning done.
bnstruct :: learning the structure using SM ...
bnstruct :: learning using SM completed.
bnstruct :: learning network parameters ... 
bnstruct :: parameter learning done.
bnstruct :: learning the structure using SM ...
bnstruct :: learning using SM completed.
bnstruct :: learning network parameters ... 
bnstruct :: parameter learning done.
bnstruct :: learning the structure using SM ...
bnstruct :: learning using SM completed.
bnstruct :: learning network parameters ... 
bnstruct :: parameter learning done.
bnstruct :: learning the structure using SM ...
bnstruct :: learning using SM completed.
bnstruct :: learning network parameters ... 
bnstruct :: parameter learning done.
bnstruct :: learning the structure using SM ...
bnstruct :: learning using SM completed.
bnstruct :: learning network parameters ... 
bnstruct :: parameter learning done.
bnstruct :: learning the structure using SM ...
bnstruct :: learning using SM completed.
bnstruct :: learning network parameters ... 
bnstruct :: parameter learning done.
bnstruct :: learning the structure using SM ...
bnstruct :: learning using SM completed.
bnstruct :: learning network parameters ... 
bnstruct :: parameter learning done.
bnstruct :: learning the structure using SM ...
bnstruct :: learning using SM completed.
bnstruct :: learning network parameters ... 
bnstruct :: parameter learning done.
bnstruct :: learning the structure using SM ...
bnstruct :: learning using SM completed.
bnstruct :: learning network parameters ... 
bnstruct :: parameter learning done.
bnstruct :: learning the structure using SM ...
bnstruct :: learning using SM completed.
bnstruct :: learning network parameters ... 
bnstruct :: parameter learning done.
bnstruct :: learning the structure using SM ...
bnstruct :: learning using SM completed.
bnstruct :: learning network parameters ... 
bnstruct :: parameter learning done.
bnstruct :: learning the structure using SM ...
bnstruct :: learning using SM completed.
bnstruct :: learning network parameters ... 
bnstruct :: parameter learning done.
bnstruct :: learning the structure using SM ...
bnstruct :: learning using SM completed.
bnstruct :: learning network parameters ... 
bnstruct :: parameter learning done.
bnstruct :: learning the structure using SM ...
bnstruct :: learning using SM completed.
bnstruct :: learning network parameters ... 
bnstruct :: parameter learning done.
bnstruct :: learning the structure using SM ...
bnstruct :: learning using SM completed.
bnstruct :: learning network parameters ... 
bnstruct :: parameter learning done.
bnstruct :: learning the structure using SM ...
bnstruct :: learning using SM completed.
bnstruct :: learning network parameters ... 
bnstruct :: parameter learning done.
bnstruct :: learning the structure using SM ...
bnstruct :: learning using SM completed.
bnstruct :: learning network parameters ... 
bnstruct :: parameter learning done.
bnstruct :: learning the structure using SM ...
bnstruct :: learning using SM completed.
bnstruct :: learning network parameters ... 
bnstruct :: parameter learning done.
bnstruct :: learning the structure using SM ...
bnstruct :: learning using SM completed.
bnstruct :: learning network parameters ... 
bnstruct :: parameter learning done.
bnstruct :: learning the structure using SM ...
bnstruct :: learning using SM completed.
bnstruct :: learning network parameters ... 
bnstruct :: parameter learning done.
bnstruct :: learning the structure using SM ...
bnstruct :: learning using SM completed.
bnstruct :: learning network parameters ... 
bnstruct :: parameter learning done.
bnstruct :: learning the structure using SM ...
bnstruct :: learning using SM completed.
bnstruct :: learning network parameters ... 
bnstruct :: parameter learning done.
bnstruct :: learning the structure using SM ...
bnstruct :: learning using SM completed.
bnstruct :: learning network parameters ... 
bnstruct :: parameter learning done.
bnstruct :: learning the structure using SM ...
bnstruct :: learning using SM completed.
bnstruct :: learning network parameters ... 
bnstruct :: parameter learning done.
bnstruct :: learning the structure using SM ...
bnstruct :: learning using SM completed.
bnstruct :: learning network parameters ... 
bnstruct :: parameter learning done.
bnstruct :: learning the structure using SM ...
bnstruct :: learning using SM completed.
bnstruct :: learning network parameters ... 
bnstruct :: parameter learning done.
bnstruct :: learning the structure using SM ...
bnstruct :: learning using SM completed.
bnstruct :: learning network parameters ... 
bnstruct :: parameter learning done.
bnstruct :: learning the structure using SM ...
bnstruct :: learning using SM completed.
bnstruct :: learning network parameters ... 
bnstruct :: parameter learning done.
bnstruct :: learning the structure using SM ...
bnstruct :: learning using SM completed.
bnstruct :: learning network parameters ... 
bnstruct :: parameter learning done.
bnstruct :: learning the structure using SM ...
bnstruct :: learning using SM completed.
bnstruct :: learning network parameters ... 
bnstruct :: parameter learning done.
bnstruct :: learning the structure using SM ...
bnstruct :: learning using SM completed.
bnstruct :: learning network parameters ... 
bnstruct :: parameter learning done.
bnstruct :: learning the structure using SM ...
bnstruct :: learning using SM completed.
bnstruct :: learning network parameters ... 
bnstruct :: parameter learning done.
bnstruct :: learning the structure using SM ...
bnstruct :: learning using SM completed.
bnstruct :: learning network parameters ... 
bnstruct :: parameter learning done.
bnstruct :: learning the structure using SM ...
bnstruct :: learning using SM completed.
bnstruct :: learning network parameters ... 
bnstruct :: parameter learning done.
bnstruct :: learning the structure using SM ...
bnstruct :: learning using SM completed.
bnstruct :: learning network parameters ... 
bnstruct :: parameter learning done.
bnstruct :: learning the structure using SM ...
bnstruct :: learning using SM completed.
bnstruct :: learning network parameters ... 
bnstruct :: parameter learning done.
bnstruct :: learning the structure using SM ...
bnstruct :: learning using SM completed.
bnstruct :: learning network parameters ... 
bnstruct :: parameter learning done.
bnstruct :: learning the structure using SM ...
bnstruct :: learning using SM completed.
bnstruct :: learning network parameters ... 
bnstruct :: parameter learning done.
bnstruct :: learning the structure using SM ...
bnstruct :: learning using SM completed.
bnstruct :: learning network parameters ... 
bnstruct :: parameter learning done.
bnstruct :: learning the structure using SM ...
bnstruct :: learning using SM completed.
bnstruct :: learning network parameters ... 
bnstruct :: parameter learning done.
bnstruct :: learning the structure using SM ...
bnstruct :: learning using SM completed.
bnstruct :: learning network parameters ... 
bnstruct :: parameter learning done.
bnstruct :: learning the structure using SM ...
bnstruct :: learning using SM completed.
bnstruct :: learning network parameters ... 
bnstruct :: parameter learning done.
bnstruct :: learning the structure using SM ...
bnstruct :: learning using SM completed.
bnstruct :: learning network parameters ... 
bnstruct :: parameter learning done.
bnstruct :: learning the structure using SM ...
bnstruct :: learning using SM completed.
bnstruct :: learning network parameters ... 
bnstruct :: parameter learning done.
bnstruct :: learning the structure using SM ...
bnstruct :: learning using SM completed.
bnstruct :: learning network parameters ... 
bnstruct :: parameter learning done.
bnstruct :: learning the structure using SM ...
bnstruct :: learning using SM completed.
bnstruct :: learning network parameters ... 
bnstruct :: parameter learning done.
bnstruct :: learning the structure using SM ...
bnstruct :: learning using SM completed.
bnstruct :: learning network parameters ... 
bnstruct :: parameter learning done.
bnstruct :: learning the structure using SM ...
bnstruct :: learning using SM completed.
bnstruct :: learning network parameters ... 
bnstruct :: parameter learning done.
bnstruct :: learning the structure using SM ...
bnstruct :: learning using SM completed.
bnstruct :: learning network parameters ... 
bnstruct :: parameter learning done.
bnstruct :: learning the structure using SM ...
bnstruct :: learning using SM completed.
bnstruct :: learning network parameters ... 
bnstruct :: parameter learning done.
bnstruct :: learning the structure using SM ...
bnstruct :: learning using SM completed.
bnstruct :: learning network parameters ... 
bnstruct :: parameter learning done.
bnstruct :: learning the structure using SM ...
bnstruct :: learning using SM completed.
bnstruct :: learning network parameters ... 
bnstruct :: parameter learning done.
bnstruct :: learning the structure using SM ...
bnstruct :: learning using SM completed.
bnstruct :: learning network parameters ... 
bnstruct :: parameter learning done.
bnstruct :: learning the structure using SM ...
bnstruct :: learning using SM completed.
bnstruct :: learning network parameters ... 
bnstruct :: parameter learning done.
bnstruct :: learning the structure using SM ...
bnstruct :: learning using SM completed.
bnstruct :: learning network parameters ... 
bnstruct :: parameter learning done.
bnstruct :: learning the structure using SM ...
bnstruct :: learning using SM completed.
bnstruct :: learning network parameters ... 
bnstruct :: parameter learning done.
bnstruct :: learning the structure using SM ...
bnstruct :: learning using SM completed.
bnstruct :: learning network parameters ... 
bnstruct :: parameter learning done.
bnstruct :: learning the structure using SM ...
bnstruct :: learning using SM completed.
bnstruct :: learning network parameters ... 
bnstruct :: parameter learning done.
bnstruct :: learning the structure using SM ...
bnstruct :: learning using SM completed.
bnstruct :: learning network parameters ... 
bnstruct :: parameter learning done.
bnstruct :: learning the structure using SM ...
bnstruct :: learning using SM completed.
bnstruct :: learning network parameters ... 
bnstruct :: parameter learning done.
bnstruct :: learning the structure using SM ...
bnstruct :: learning using SM completed.
bnstruct :: learning network parameters ... 
bnstruct :: parameter learning done.
bnstruct :: learning the structure using SM ...
bnstruct :: learning using SM completed.
bnstruct :: learning network parameters ... 
bnstruct :: parameter learning done.
bnstruct :: learning the structure using SM ...
bnstruct :: learning using SM completed.
bnstruct :: learning network parameters ... 
bnstruct :: parameter learning done.
bnstruct :: learning the structure using SM ...
bnstruct :: learning using SM completed.
bnstruct :: learning network parameters ... 
bnstruct :: parameter learning done.
bnstruct :: learning the structure using SM ...
bnstruct :: learning using SM completed.
bnstruct :: learning network parameters ... 
bnstruct :: parameter learning done.
bnstruct :: learning the structure using SM ...
bnstruct :: learning using SM completed.
bnstruct :: learning network parameters ... 
bnstruct :: parameter learning done.
bnstruct :: learning the structure using SM ...
bnstruct :: learning using SM completed.
bnstruct :: learning network parameters ... 
bnstruct :: parameter learning done.
bnstruct :: learning the structure using SM ...
bnstruct :: learning using SM completed.
bnstruct :: learning network parameters ... 
bnstruct :: parameter learning done.
bnstruct :: learning the structure using SM ...
bnstruct :: learning using SM completed.
bnstruct :: learning network parameters ... 
bnstruct :: parameter learning done.
bnstruct :: learning the structure using SM ...
bnstruct :: learning using SM completed.
bnstruct :: learning network parameters ... 
bnstruct :: parameter learning done.
bnstruct :: learning the structure using SM ...
bnstruct :: learning using SM completed.
bnstruct :: learning network parameters ... 
bnstruct :: parameter learning done.
bnstruct :: learning the structure using SM ...
bnstruct :: learning using SM completed.
bnstruct :: learning network parameters ... 
bnstruct :: parameter learning done.
bnstruct :: learning the structure using SM ...
bnstruct :: learning using SM completed.
bnstruct :: learning network parameters ... 
bnstruct :: parameter learning done.
bnstruct :: learning the structure using SM ...
bnstruct :: learning using SM completed.
bnstruct :: learning network parameters ... 
bnstruct :: parameter learning done.
bnstruct :: learning the structure using SM ...
bnstruct :: learning using SM completed.
bnstruct :: learning network parameters ... 
bnstruct :: parameter learning done.
bnstruct :: learning the structure using SM ...
bnstruct :: learning using SM completed.
bnstruct :: learning network parameters ... 
bnstruct :: parameter learning done.
bnstruct :: learning the structure using SM ...
bnstruct :: learning using SM completed.
bnstruct :: learning network parameters ... 
bnstruct :: parameter learning done.
bnstruct :: learning the structure using SM ...
bnstruct :: learning using SM completed.
bnstruct :: learning network parameters ... 
bnstruct :: parameter learning done.
bnstruct :: learning the structure using SM ...
bnstruct :: learning using SM completed.
bnstruct :: learning network parameters ... 
bnstruct :: parameter learning done.
bnstruct :: learning the structure using SM ...
bnstruct :: learning using SM completed.
bnstruct :: learning network parameters ... 
bnstruct :: parameter learning done.
bnstruct :: learning the structure using SM ...
bnstruct :: learning using SM completed.
bnstruct :: learning network parameters ... 
bnstruct :: parameter learning done.
bnstruct :: learning the structure using SM ...
bnstruct :: learning using SM completed.
bnstruct :: learning network parameters ... 
bnstruct :: parameter learning done.
bnstruct :: learning the structure using SM ...
bnstruct :: learning using SM completed.
bnstruct :: learning network parameters ... 
bnstruct :: parameter learning done.
bnstruct :: learning the structure using SM ...
bnstruct :: learning using SM completed.
bnstruct :: learning network parameters ... 
bnstruct :: parameter learning done.
bnstruct :: learning the structure using SM ...
bnstruct :: learning using SM completed.
bnstruct :: learning network parameters ... 
bnstruct :: parameter learning done.
bnstruct :: learning the structure using SM ...
bnstruct :: learning using SM completed.
bnstruct :: learning network parameters ... 
bnstruct :: parameter learning done.
bnstruct :: learning the structure using SM ...
bnstruct :: learning using SM completed.
bnstruct :: learning network parameters ... 
bnstruct :: parameter learning done.
bnstruct :: learning the structure using SM ...
bnstruct :: learning using SM completed.
bnstruct :: learning network parameters ... 
bnstruct :: parameter learning done.
bnstruct :: learning the structure using SM ...
bnstruct :: learning using SM completed.
bnstruct :: learning network parameters ... 
bnstruct :: parameter learning done.
bnstruct :: learning the structure using SM ...
bnstruct :: learning using SM completed.
bnstruct :: learning network parameters ... 
bnstruct :: parameter learning done.
bnstruct :: learning the structure using SM ...
bnstruct :: learning using SM completed.
bnstruct :: learning network parameters ... 
bnstruct :: parameter learning done.
bnstruct :: learning the structure using SM ...
bnstruct :: learning using SM completed.
bnstruct :: learning network parameters ... 
bnstruct :: parameter learning done.
bnstruct :: learning the structure using SM ...
bnstruct :: learning using SM completed.
bnstruct :: learning network parameters ... 
bnstruct :: parameter learning done.
bnstruct :: learning the structure using SM ...
bnstruct :: learning using SM completed.
bnstruct :: learning network parameters ... 
bnstruct :: parameter learning done.
bnstruct :: learning the structure using SM ...
bnstruct :: learning using SM completed.
bnstruct :: learning network parameters ... 
bnstruct :: parameter learning done.
bnstruct :: learning the structure using SM ...
bnstruct :: learning using SM completed.
bnstruct :: learning network parameters ... 
bnstruct :: parameter learning done.
bnstruct :: learning the structure using SM ...
bnstruct :: learning using SM completed.
bnstruct :: learning network parameters ... 
bnstruct :: parameter learning done.
bnstruct :: learning the structure using SM ...
bnstruct :: learning using SM completed.
bnstruct :: learning network parameters ... 
bnstruct :: parameter learning done.
bnstruct :: learning the structure using SM ...
bnstruct :: learning using SM completed.
bnstruct :: learning network parameters ... 
bnstruct :: parameter learning done.
bnstruct :: learning the structure using SM ...
bnstruct :: learning using SM completed.
bnstruct :: learning network parameters ... 
bnstruct :: parameter learning done.
bnstruct :: learning the structure using SM ...
bnstruct :: learning using SM completed.
bnstruct :: learning network parameters ... 
bnstruct :: parameter learning done.
bnstruct :: learning the structure using SM ...
bnstruct :: learning using SM completed.
bnstruct :: learning network parameters ... 
bnstruct :: parameter learning done.
bnstruct :: learning the structure using SM ...
bnstruct :: learning using SM completed.
bnstruct :: learning network parameters ... 
bnstruct :: parameter learning done.
bnstruct :: learning the structure using SM ...
bnstruct :: learning using SM completed.
bnstruct :: learning network parameters ... 
bnstruct :: parameter learning done.
bnstruct :: learning the structure using SM ...
bnstruct :: learning using SM completed.
bnstruct :: learning network parameters ... 
bnstruct :: parameter learning done.
bnstruct :: learning the structure using SM ...
bnstruct :: learning using SM completed.
bnstruct :: learning network parameters ... 
bnstruct :: parameter learning done.
bnstruct :: learning the structure using SM ...
bnstruct :: learning using SM completed.
bnstruct :: learning network parameters ... 
bnstruct :: parameter learning done.
bnstruct :: learning the structure using SM ...
bnstruct :: learning using SM completed.
bnstruct :: learning network parameters ... 
bnstruct :: parameter learning done.
bnstruct :: learning the structure using SM ...
bnstruct :: learning using SM completed.
bnstruct :: learning network parameters ... 
bnstruct :: parameter learning done.
bnstruct :: learning the structure using SM ...
bnstruct :: learning using SM completed.
bnstruct :: learning network parameters ... 
bnstruct :: parameter learning done.
bnstruct :: learning the structure using SM ...
bnstruct :: learning using SM completed.
bnstruct :: learning network parameters ... 
bnstruct :: parameter learning done.
bnstruct :: learning the structure using SM ...
bnstruct :: learning using SM completed.
bnstruct :: learning network parameters ... 
bnstruct :: parameter learning done.
bnstruct :: learning the structure using SM ...
bnstruct :: learning using SM completed.
bnstruct :: learning network parameters ... 
bnstruct :: parameter learning done.
bnstruct :: learning the structure using SM ...
bnstruct :: learning using SM completed.
bnstruct :: learning network parameters ... 
bnstruct :: parameter learning done.
bnstruct :: learning the structure using SM ...
bnstruct :: learning using SM completed.
bnstruct :: learning network parameters ... 
bnstruct :: parameter learning done.
bnstruct :: learning the structure using SM ...
bnstruct :: learning using SM completed.
bnstruct :: learning network parameters ... 
bnstruct :: parameter learning done.
bnstruct :: learning the structure using SM ...
bnstruct :: learning using SM completed.
bnstruct :: learning network parameters ... 
bnstruct :: parameter learning done.
bnstruct :: learning the structure using SM ...
bnstruct :: learning using SM completed.
bnstruct :: learning network parameters ... 
bnstruct :: parameter learning done.
bnstruct :: learning the structure using SM ...
bnstruct :: learning using SM completed.
bnstruct :: learning network parameters ... 
bnstruct :: parameter learning done.
bnstruct :: learning the structure using SM ...
bnstruct :: learning using SM completed.
bnstruct :: learning network parameters ... 
bnstruct :: parameter learning done.
bnstruct :: learning the structure using SM ...
bnstruct :: learning using SM completed.
bnstruct :: learning network parameters ... 
bnstruct :: parameter learning done.
bnstruct :: learning the structure using SM ...
bnstruct :: learning using SM completed.
bnstruct :: learning network parameters ... 
bnstruct :: parameter learning done.
bnstruct :: learning the structure using SM ...
bnstruct :: learning using SM completed.
bnstruct :: learning network parameters ... 
bnstruct :: parameter learning done.
bnstruct :: learning the structure using SM ...
bnstruct :: learning using SM completed.
bnstruct :: learning network parameters ... 
bnstruct :: parameter learning done.
bnstruct :: learning the structure using SM ...
bnstruct :: learning using SM completed.
bnstruct :: learning network parameters ... 
bnstruct :: parameter learning done.
bnstruct :: learning the structure using SM ...
bnstruct :: learning using SM completed.
bnstruct :: learning network parameters ... 
bnstruct :: parameter learning done.
bnstruct :: learning the structure using SM ...
bnstruct :: learning using SM completed.
bnstruct :: learning network parameters ... 
bnstruct :: parameter learning done.
bnstruct :: learning the structure using SM ...
bnstruct :: learning using SM completed.
bnstruct :: learning network parameters ... 
bnstruct :: parameter learning done.
bnstruct :: learning the structure using SM ...
bnstruct :: learning using SM completed.
bnstruct :: learning network parameters ... 
bnstruct :: parameter learning done.
bnstruct :: learning the structure using SM ...
bnstruct :: learning using SM completed.
bnstruct :: learning network parameters ... 
bnstruct :: parameter learning done.
bnstruct :: learning the structure using SM ...
bnstruct :: learning using SM completed.
bnstruct :: learning network parameters ... 
bnstruct :: parameter learning done.
bnstruct :: learning the structure using SM ...
bnstruct :: learning using SM completed.
bnstruct :: learning network parameters ... 
bnstruct :: parameter learning done.
bnstruct :: learning the structure using SM ...
bnstruct :: learning using SM completed.
bnstruct :: learning network parameters ... 
bnstruct :: parameter learning done.
bnstruct :: learning the structure using SM ...
bnstruct :: learning using SM completed.
bnstruct :: learning network parameters ... 
bnstruct :: parameter learning done.
bnstruct :: learning the structure using SM ...
bnstruct :: learning using SM completed.
bnstruct :: learning network parameters ... 
bnstruct :: parameter learning done.
bnstruct :: learning the structure using SM ...
bnstruct :: learning using SM completed.
bnstruct :: learning network parameters ... 
bnstruct :: parameter learning done.
bnstruct :: learning the structure using SM ...
bnstruct :: learning using SM completed.
bnstruct :: learning network parameters ... 
bnstruct :: parameter learning done.
bnstruct :: learning the structure using SM ...
bnstruct :: learning using SM completed.
bnstruct :: learning network parameters ... 
bnstruct :: parameter learning done.
bnstruct :: learning the structure using SM ...
bnstruct :: learning using SM completed.
bnstruct :: learning network parameters ... 
bnstruct :: parameter learning done.
bnstruct :: learning the structure using SM ...
bnstruct :: learning using SM completed.
bnstruct :: learning network parameters ... 
bnstruct :: parameter learning done.
bnstruct :: learning the structure using SM ...
bnstruct :: learning using SM completed.
bnstruct :: learning network parameters ... 
bnstruct :: parameter learning done.
bnstruct :: learning the structure using SM ...
bnstruct :: learning using SM completed.
bnstruct :: learning network parameters ... 
bnstruct :: parameter learning done.
bnstruct :: learning the structure using SM ...
bnstruct :: learning using SM completed.
bnstruct :: learning network parameters ... 
bnstruct :: parameter learning done.
bnstruct :: learning the structure using SM ...
bnstruct :: learning using SM completed.
bnstruct :: learning network parameters ... 
bnstruct :: parameter learning done.
bnstruct :: learning the structure using SM ...
bnstruct :: learning using SM completed.
bnstruct :: learning network parameters ... 
bnstruct :: parameter learning done.
bnstruct :: learning the structure using SM ...
bnstruct :: learning using SM completed.
bnstruct :: learning network parameters ... 
bnstruct :: parameter learning done.
bnstruct :: learning the structure using SM ...
bnstruct :: learning using SM completed.
bnstruct :: learning network parameters ... 
bnstruct :: parameter learning done.
bnstruct :: learning the structure using SM ...
bnstruct :: learning using SM completed.
bnstruct :: learning network parameters ... 
bnstruct :: parameter learning done.
bnstruct :: learning the structure using SM ...
bnstruct :: learning using SM completed.
bnstruct :: learning network parameters ... 
bnstruct :: parameter learning done.
bnstruct :: learning the structure using SM ...
bnstruct :: learning using SM completed.
bnstruct :: learning network parameters ... 
bnstruct :: parameter learning done.
bnstruct :: learning the structure using SM ...
bnstruct :: learning using SM completed.
bnstruct :: learning network parameters ... 
bnstruct :: parameter learning done.
bnstruct :: learning the structure using SM ...
bnstruct :: learning using SM completed.
bnstruct :: learning network parameters ... 
bnstruct :: parameter learning done.
bnstruct :: learning the structure using SM ...
bnstruct :: learning using SM completed.
bnstruct :: learning network parameters ... 
bnstruct :: parameter learning done.
bnstruct :: learning the structure using SM ...
bnstruct :: learning using SM completed.
bnstruct :: learning network parameters ... 
bnstruct :: parameter learning done.
bnstruct :: learning the structure using SM ...
bnstruct :: learning using SM completed.
bnstruct :: learning network parameters ... 
bnstruct :: parameter learning done.
bnstruct :: learning the structure using SM ...
bnstruct :: learning using SM completed.
bnstruct :: learning network parameters ... 
bnstruct :: parameter learning done.
bnstruct :: learning the structure using SM ...
bnstruct :: learning using SM completed.
bnstruct :: learning network parameters ... 
bnstruct :: parameter learning done.
bnstruct :: learning the structure using SM ...
bnstruct :: learning using SM completed.
bnstruct :: learning network parameters ... 
bnstruct :: parameter learning done.
bnstruct :: learning the structure using SM ...
bnstruct :: learning using SM completed.
bnstruct :: learning network parameters ... 
bnstruct :: parameter learning done.
bnstruct :: learning the structure using SM ...
bnstruct :: learning using SM completed.
bnstruct :: learning network parameters ... 
bnstruct :: parameter learning done.
bnstruct :: learning the structure using SM ...
bnstruct :: learning using SM completed.
bnstruct :: learning network parameters ... 
bnstruct :: parameter learning done.
bnstruct :: learning the structure using SM ...
bnstruct :: learning using SM completed.
bnstruct :: learning network parameters ... 
bnstruct :: parameter learning done.
bnstruct :: learning the structure using SM ...
bnstruct :: learning using SM completed.
bnstruct :: learning network parameters ... 
bnstruct :: parameter learning done.
bnstruct :: learning the structure using SM ...
bnstruct :: learning using SM completed.
bnstruct :: learning network parameters ... 
bnstruct :: parameter learning done.
bnstruct :: learning the structure using SM ...
bnstruct :: learning using SM completed.
bnstruct :: learning network parameters ... 
bnstruct :: parameter learning done.
bnstruct :: learning the structure using SM ...
bnstruct :: learning using SM completed.
bnstruct :: learning network parameters ... 
bnstruct :: parameter learning done.
There were 50 or more warnings (use warnings() to see the first 50)
Warning message:
In rm(rolled.DBN.adj.matrix, rolled.DBN.adj.matrix) :
  object 'rolled.DBN.adj.matrix' not found
6.95user 0.12system 0:07.21elapsed 98%CPU (0avgtext+0avgdata 140124maxresident)k
872inputs+432outputs (8major+99758minor)pagefaults 0swaps
